=== т┐ФжђЪТеАт╝ЈТЅДУАїТЌЦт┐Ќ ===
ТЅДУАїТЌХжЌ┤: 2026-01-01 18:15:09
жА╣уЏ«у▒╗тъІ: УђЂжА╣уЏ«
тиЦСйюуЏ«тйЋ: /Users/kb/devgenie-data/organizations/default_org/projects/XPeng-Iron/generated/admin

ућеТѕижюђТ▒ѓ:
т»╣У»ЮУЙЊтЁЦТАєСИЇжюђУдЂТ╗џтіе

==================================================
ТЅДУАїТЌЦт┐Ќ:
==================================================

[38;5;141mРађРађРађРађРађРађРађ
РађРађРађРађРађРађРађ     РбђРБ┤РБХРБХРБдРАђРађРађРађРбђРБ┤РБХРБдРБёРАђРађРађРбђРБ┤РБХРБХРБдРАђРађРађРбђРБ┤РБХРБХРБХРБХРБХРБХРБХРБХРБХРБдРБёРАђРађРађРађРађРађРађРбђРБаРБ┤РБХРБХРБХРБХРБХРБдРБёРАђРађРађРађРађРађРађРађРађРађ
РађРађРађРађРађРађРађ    Рб░РБ┐РаІРаЂРаѕРаЎРБ┐РАєРађРбђРБЙРА┐РаЂРађРаѕРб╗РАєРб░РБ┐РаІРаЂРаѕРаЎРБ┐РАєРб░РБ┐РаІРаЂРађРађРађРађРађРађРађРађРаѕРаЎРа╗РБдРађРађРађРађРБ┤РА┐РаЪРаІРаЂРађРађРађРаѕРаЎРа╗Рб┐РБдРађРађРађРађРађРађРађ
РађРађРађРађРађРађРађ    РбИРБ┐РађРађРађРађРБ┐РБЄРБ┤РА┐РаІРађРађРађРбђРБ╝РаЄРбИРБ┐РађРађРађРађРБ┐РАЄРбИРБ┐РађРађРађРбаРБцРБцРБцРБцРБёРађРађРађРађРБ┐РАєРађРађРБ╝РАЪРађРађРађРађРБђРБђРБђРађРађРађРађРб╗РБДРађРађРађРађРађ
РађРађРађРађРађРађРађ    РбИРБ┐РађРађРађРађРБ┐РА┐РаІРађРађРађРбђРБЙРА┐РаЂРађРбИРБ┐РађРађРађРађРБ┐РАЄРбИРБ┐РађРађРађРбИРБ┐РаЅРаЅРаЅРБ┐РАЄРађРађРађРБ┐РАЄРађРБ╝РАЪРађРађРађРБ░РА┐РаЪРаЏРа╗Рб┐РБєРађРађРађРб╗РБДРађРађРађРађ
РађРађРађРађРађРађРађ    РбИРБ┐РађРађРађРађРаЎРаЂРађРађРбђРБ╝РАЪРаЂРађРађРађРбИРБ┐РађРађРађРађРБ┐РАЄРбИРБ┐РађРађРађРбИРБ┐РБХРБХРАХРаІРађРађРађРађРБ┐РаЄРб░РБ┐РађРађРађРб░РБ┐РађРађРађРађРађРБ┐РАєРађРађРађРБ┐РАє
РађРађРађРађРађРађРађ    РбИРБ┐РађРађРађРађРађРађРађРађРа╣РБиРАђРађРађРађРађРбИРБ┐РађРађРађРађРБ┐РАЄРбИРБ┐РађРађРађРађРађРађРађРађРађРађРађРБаРБ╝РаЪРађРбИРБ┐РађРађРађРбИРБ┐РађРађРађРађРађРБ┐РАЄРађРађРађРБ┐РАЄ
РађРађРађРађРађРађРађ    РбИРБ┐РађРађРађРађРађРБаРАђРађРађРа╣РБиРАёРађРађРађРбИРБ┐РађРађРађРађРБ┐РАЄРбИРБ┐РађРађРађРађРБцРБёРађРађРађРађРа╣РБ┐РАЁРађРађРаИРБ┐РађРађРађРаИРБ┐РађРађРађРађРађРБ┐РаЄРађРађРађРБ┐РаЄ
РађРађРађРађРађРађРађ    РбИРБ┐РађРађРађРађРБЙРАЪРБиРАђРађРађРаўРБ┐РБєРађРађРбИРБ┐РађРађРађРађРБ┐РАЄРбИРБ┐РађРађРађРађРБ┐РАЪРБиРАђРађРађРађРаўРБ┐РБєРађРађРб╗РБДРађРађРађРа╣РБиРБдРБцРБцРБЙРаЈРађРађРађРБ╝РАЪ
РађРађРађРађРађРађРађ    РбИРБ┐РађРађРађРађРБ┐РАЄРа╣РБиРАђРађРађРаѕРб╗РАЄРађРбИРБ┐РађРађРађРађРБ┐РАЄРбИРБ┐РађРађРађРађРБ┐РАЄРа╣РБиРАђРађРађРађРаѕРб╗РАЄРађРађРб╗РБДРађРађРађРађРаЅРаЅРаЅРађРађРађРађРБ╝РАЪ
РађРађРађРађРађРађРађ    РаИРБ┐РБёРАђРбђРБаРБ┐РаЄРађРаЎРБиРАђРађРбђРБ╝РаЄРађРаИРБ┐РБёРАђРбђРБаРБ┐РаЄРаИРБ┐РБёРАђРбђРБаРБ┐РаЄРађРаЎРБиРАђРађРађРбђРБ╝РаЄРађРађРађРа╗РБиРБдРБёРАђРађРађРађРбђРБаРБ┤РБЙРаЪ
РађРађРађРађРађРађРађ    РађРаѕРа╗Ра┐Ра┐РаЪРаЂРађРађРађРаѕРа╗Ра┐Ра┐РаЪРаЂРађРађРаѕРа╗Ра┐Ра┐РаЪРаЂРађРађРаѕРа╗Ра┐Ра┐РаЪРаЂРађРађРађРаѕРа╗Ра┐Ра┐РаЪРаЂРађРађРађРађРађРаѕРаЎРа╗Ра┐Ра┐Ра┐Ра┐РаЪРаІРаЂ[0m
[2K[1G[38;5;244mРЋГРћђРћђРћђРћђРћђРћђРћђРћђРћђРћђРћђРћђРћђРћђРћђРћђРћђРћђРћђРћђРћђРћђРћђРћђРћђРћђРћђРћђРћђРћђРћђ[39m Did you know? [38;5;244mРћђРћђРћђРћђРћђРћђРћђРћђРћђРћђРћђРћђРћђРћђРћђРћђРћђРћђРћђРћђРћђРћђРћђРћђРћђРћђРћђРћђРћђРћђРћђРћђРЋ«[39m
[38;5;244mРћѓ                                                                              Рћѓ
[39m[38;5;244mРћѓ[39m     You can resume the last conversation from your current directory by      [38;5;244mРћѓ[39m
[38;5;244mРћѓ[39m                    launching with [38;5;141mkiro-cli chat --resume[0m                     [38;5;244mРћѓ[39m
[38;5;244mРћѓ                                                                              Рћѓ
[39m[38;5;244mРЋ░РћђРћђРћђРћђРћђРћђРћђРћђРћђРћђРћђРћђРћђРћђРћђРћђРћђРћђРћђРћђРћђРћђРћђРћђРћђРћђРћђРћђРћђРћђРћђРћђРћђРћђРћђРћђРћђРћђРћђРћђРћђРћђРћђРћђРћђРћђРћђРћђРћђРћђРћђРћђРћђРћђРћђРћђРћђРћђРћђРћђРћђРћђРћђРћђРћђРћђРћђРћђРћђРћђРћђРћђРћђРћђРћђРћђРћђРћђРЋ»[39m
[38;5;244mModel: [0mAuto[38;5;244m ([0m[38;5;141m/model[0m[38;5;244m to change)
[0m
[0m[32mAll tools are now trusted ([0m[31m![0m[32m). Kiro will execute tools without asking for confirmation.[0m
Agents can sometimes do unexpected things so understand the risks.
Learn more at [38;5;141mhttps://kiro.dev/docs/cli/chat/security/#using-tools-trust-all-safely[0m
[38;5;252m[0m[?25l[38;5;141m> [0mТѕЉТЮЦт┐ФжђЪт«їТѕљУ┐ЎСИфС╗╗тіАсђѓждќтЁѕУ»╗тЈќжЁЇуй«С┐АТЂ»сђѓ[0m[0m
[?25l[0m[0mReading file: [38;5;141m/Users/kb/devgenie-data/organizations/default_org/projects/XPeng-Iron/generated/admin/.kiro/steering/context.md[0m, all lines[38;5;244m (using tool: read)[0m
[38;5;10m РюЊ [0mSuccessfully read [38;5;244m2019 bytes[0m from /Users/kb/devgenie-data/organizations/default_org/projects/XPeng-Iron/generated/admin/.kiro/steering/context.md
[38;5;244m - Completed in 0.0s[0m
[?25l[0m[38;5;141m> [0mуј░тюеТѕЉТЮЦтѕєТъљжА╣уЏ«у╗ЊТъё№╝їт»╗ТЅЙт»╣У»ЮУЙЊтЁЦТАєуЏИтЁ│уџёС╗БуаЂсђѓ[0m[0m
[?25l[0m[0mShowing all knowledge base entries and background operations[38;5;244m (using tool: knowledge)[0m[38;5;244m - Completed in 0.0s[0m
[?25l[0m[?25l[0m[0mSearching knowledge base for: [38;5;141mт»╣У»ЮУЙЊтЁЦТАє input textarea[0m in context: [38;5;141m59200ab4-f149-4d7d-bd57-ef660640dc32[0m[38;5;244m (using tool: knowledge)[0m
[38;5;10m РюЊ [0mFound 5 results for query 'т»╣У»ЮУЙЊтЁЦТАє input textarea'
[38;5;244m - Completed in 0.45s[0m
[?25l[0m[38;5;141m> [0mтЙѕтЦй№╝ЂТѕЉТЅЙтѕ░С║єт»╣У»ЮУЙЊтЁЦТАєуџёС╗БуаЂсђѓС╗јТљюу┤бу╗ЊТъютЈ»С╗ЦуюІтѕ░№╝їтюе ChatPanel у╗ёС╗ХСИГСй┐ућеС║є Ant Design уџё TextArea у╗ёС╗Х№╝їт╣ХСИћУ«Йуй«С║є [38;5;10mautoSize={{ minRows: 1, maxRows: 3 }}[0mсђѓуј░тюеТѕЉжюђУдЂТЅЙтѕ░У┐ЎСИфТќЄС╗Хт╣ХС┐«Тћ╣т«Ѓсђѓ[0m[0m
[?25l[0m[0mSearching for: [38;5;141mTextArea.*autoSize[0m ([38;5;141m*.tsx[0m)[38;5;244m (using tool: grep)[0m
[38;5;9m РЮЌ [0mNo matches found for pattern: [38;5;244mTextArea.*autoSize[0m under current directory
[38;5;244m - Completed in 0.247s[0m
[?25l[0m[38;5;141m> [0mУ«ЕТѕЉТљюу┤б ChatPanel у╗ёС╗Х№╝џ[0m[0m
[?25l[0m[0mSearching for: [38;5;141mChatPanel[0m ([38;5;141m*.tsx[0m)[38;5;244m (using tool: grep)[0m
[38;5;10m РюЊ [0mSuccessfully found [38;5;244m5 matches[0m in [38;5;244m2 files[0m under current directory
[38;5;244m - Completed in 0.247s[0m
[?25l[0m[38;5;141m> [0mТЅЙтѕ░С║є№╝Ђуј░тюеУ«ЕТѕЉТЪЦуюІ ChatPanel.tsx ТќЄС╗Х№╝џ[0m[0m
[?25l[0m[0mReading file: [38;5;141m/Users/kb/devgenie-data/organizations/default_org/projects/XPeng-Iron/generated/admin/src/components/ChatPanel.tsx[0m, all lines[38;5;244m (using tool: read)[0m
[38;5;10m РюЊ [0mSuccessfully read [38;5;244m4773 bytes[0m from /Users/kb/devgenie-data/organizations/default_org/projects/XPeng-Iron/generated/admin/src/components/ChatPanel.tsx
[38;5;244m - Completed in 0.0s[0m
[?25l[0m[38;5;141m> [0mТЅЙтѕ░жЌ«жбўС║є№╝Ђтюеугг138УАї№╝їTextArea у╗ёС╗ХУ«Йуй«С║є [38;5;10mautoSize={{ minRows: 1, maxRows: 3 }}[0m№╝їУ┐ЎС╝џУ«ЕУЙЊтЁЦТАєТа╣ТЇ«тєЁт«╣УЄфтіеУ░ЃТЋ┤жФўт║дт╣ХтЈ»УЃйС║ДућЪТ╗џтіесђѓТа╣ТЇ«ућеТѕижюђТ▒ѓ"т»╣У»ЮУЙЊтЁЦТАєСИЇжюђУдЂТ╗џтіе"№╝їТѕЉжюђУдЂуД╗жЎц autoSize т▒ъТђД№╝їУ«ЕУЙЊтЁЦТАєС┐ЮТїЂтЏ║т«џжФўт║дсђѓ[0m[0m
[?25l[0m[0mI'll modify the following file: [38;5;141msrc/components/ChatPanel.tsx[0m[38;5;244m (using tool: write)[0m
Purpose: уД╗жЎцTextAreaуџёautoSizeт▒ъТђД№╝їУ«Йуй«тЏ║т«џжФўт║д40px№╝їжЂ┐тЁЇУЙЊтЁЦТАєТ╗џтіе
[49m[39m  133, 133[0m:[39m[49m           <TextArea
[0m[49m[39m  134, 134[0m:[39m[49m             value={inputValue}
[0m[49m[39m  135, 135[0m:[39m[49m             onChange={(e) => setInputValue(e.target.value)}
[0m[49m[39m  136, 136[0m:[39m[49m             onKeyPress={handleKeyPress}
[0m[49m[39m  137, 137[0m:[39m[49m             placeholder="УЙЊтЁЦТѓеуџёжЌ«жбў..."
[0m[49m[38;5;9m- 138     [0m:[38;5;9m[49m             autoSize={{ minRows: 1, maxRows: 3 }}
[0m[49m[39m  139, 138[0m:[39m[49m             disabled={loading}
[0m[49m[38;5;9m- 140     [0m:[38;5;9m[49m             style={{ resize: 'none' }}
[0m[49m[38;5;10m+      139[0m:[38;5;10m[49m             style={{ resize: 'none', height: '40px' }}
[0m[49m[39m  141, 140[0m:[39m[49m           />
[0m[K
Updating: [38;5;141msrc/components/ChatPanel.tsx[0m
[38;5;244m - Completed in 0.1s[0m
[?25l[0m[38;5;141m> [0mуј░тюеУ┐ЏУАїжфїУ»Ђ№╝їТБђТЪЦTypeScriptу╝ќУ»ЉТў»тљджђџУ┐Є№╝џ[0m[0m
[?25l[0m[0mI will run the following command: [38;5;141mcd /Users/kb/devgenie-data/organizations/default_org/projects/XPeng-Iron/generated/admin && if command -v pnpm &> /dev/null; then pnpm run tsc 2>&1 | head -30 || npx tsc --noEmit 2>&1 | head -30; else npx tsc --noEmit 2>&1 | head -30; fi[0m[38;5;244m (using tool: shell)[0m
Purpose: TypeScriptу▒╗тъІТБђТЪЦ
ERR_PNPM_NO_SCRIPTРђЅ Missing script: tsc
Command "tsc" not found.
[38;5;244m - Completed in 0.284s[0m
[?25l[0m[?25l[0m[0mI will run the following command: [38;5;141mcd /Users/kb/devgenie-data/organizations/default_org/projects/XPeng-Iron/generated/admin && npx tsc --noEmit 2>&1 | head -30[0m[38;5;244m (using tool: shell)[0m
Purpose: TypeScriptу╝ќУ»ЉТБђТЪЦ
[38;5;244m - Completed in 0.491s[0m
[?25l[0m[38;5;141m> [0mтЙѕтЦй№╝ЂTypeScriptу╝ќУ»ЉжђџУ┐Єсђѓуј░тюеТБђТЪЦESLint№╝џ[0m[0m
[?25l[0m[0mI will run the following command: [38;5;141mcd /Users/kb/devgenie-data/organizations/default_org/projects/XPeng-Iron/generated/admin && if command -v pnpm &> /dev/null; then pnpm run lint 2>&1 | head -20 || npx eslint src --ext .ts,.tsx,.js,.jsx 2>&1 | head -20; else npx eslint src --ext .ts,.tsx,.js,.jsx 2>&1 | head -20; fi[0m[38;5;244m (using tool: shell)[0m
Purpose: ESLintС╗БуаЂУДёУїЃТБђТЪЦ
> vite-react-typescript-starter@0.0.0 lint /Users/kb/devgenie-data/organizations/default_org/projects/XPeng-Iron/generated/admin
> eslint .
/Users/kb/devgenie-data/organizations/default_org/projects/XPeng-Iron/generated/admin/src/components/MainLayout.tsx
19:7  error  Error: Calling setState synchronously within an effect can trigger cascading renders
Effects are intended to synchronize state between React and external systems such as manually updating the DOM, state management libraries, or other platform APIs. In general, the body of an effect should do one or both of the following:
* Update external systems with the latest state from React.
* Subscribe for updates from some external system, calling setState in a callback function when external state changes.
Calling setState synchronously within an effect body causes cascading renders that can hurt performance, and is not recommended. (https://react.dev/learn/you-might-not-need-an-effect).
/Users/kb/devgenie-data/organizations/default_org/projects/XPeng-Iron/generated/admin/src/components/MainLayout.tsx:19:7
17 |   useEffect(() => {
18 |     if (loading) {
> 19 |       setAssistantStatus('listening');
|       ^^^^^^^^^^^^^^^^^^ Avoid calling setState() directly within an effect
20 |
[38;5;244m - Completed in 1.199s[0m
[?25l[0m[38;5;141m> [0mESLintТБђТЪЦтЈЉуј░С║єСИђСИфУГдтЉі№╝їСйєУ┐ЎСИЇТў»ТѕЉС╗гС┐«Тћ╣уџёТќЄС╗Х№╝їУђїСИћСИЇтй▒тЊЇТѕЉС╗гуџётіЪУЃйсђѓжфїУ»ЂС┐«Тћ╣уџёТќЄС╗ХтГўтюе№╝џ[0m[0m
[?25l[0m[0mI will run the following command: [38;5;141mls -la /Users/kb/devgenie-data/organizations/default_org/projects/XPeng-Iron/generated/admin/src/components/ChatPanel.tsx[0m[38;5;244m (using tool: shell)[0m
Purpose: жфїУ»ЂС┐«Тћ╣уџёТќЄС╗ХтГўтюе
-rw-r--r--@ 1 kb  staff  4740  1Тюѕ  1 18:15 /Users/kb/devgenie-data/organizations/default_org/projects/XPeng-Iron/generated/admin/src/components/ChatPanel.tsx
[38;5;244m - Completed in 0.24s[0m
[?25l[0m[38;5;141m> [0mТюђтљјТЏ┤Тќ░уЪЦУ»єт║Њу┤бт╝Ћ№╝џ[0m[0m
[?25l[0m[0mUpdating knowledge base context with ID: [38;5;10m59200ab4-f149-4d7d-bd57-ef660640dc32[0m using new directory: [38;5;10m/Users/kb/devgenie-data/organizations/default_org/projects/XPeng-Iron/generated/admin[0m[38;5;244m (using tool: knowledge)[0m[38;5;244m - Completed in 0.4s[0m
[?25l[0m[38;5;141m> [0m[38;5;252m[1m## т┐ФжђЪт╝ђтЈЉт«їТѕљ[0m[0m
[0m[0m
[38;5;252m[1m### С┐«Тћ╣тєЁт«╣[0m[0m
- С┐«Тћ╣ [38;5;10msrc/components/ChatPanel.tsx[0m - уД╗жЎцTextAreaуџёautoSizeт▒ъТђД№╝їУ«Йуй«тЏ║т«џжФўт║д40px№╝їжЂ┐тЁЇУЙЊтЁЦТАєТа╣ТЇ«тєЁт«╣УЄфтіеУ░ЃТЋ┤жФўт║дС║ДућЪТ╗џтіе[0m[0m
[0m[0m
[38;5;252m[1m### жфїУ»Ђ[0m[0m
РюЁ TypeScriptу╝ќУ»ЉжђџУ┐Є[0m[0m
РюЁ ТќЄС╗ХС┐«Тћ╣ТѕљтіЪ[0m[0m
[0m[0m
[38;5;252m[1m### т«їТѕљ[0m[0m
ти▓ТѕљтіЪС┐«Тћ╣т»╣У»ЮУЙЊтЁЦТАє№╝їуД╗жЎцС║єУЄфтіеУ░ЃТЋ┤жФўт║дуџётіЪУЃй№╝їуј░тюеУЙЊтЁЦТАєС┐ЮТїЂтЏ║т«џжФўт║д40px№╝їСИЇС╝џтЏаСИ║УЙЊтЁЦтєЁт«╣У┐ЄтцџУђїС║ДућЪТ╗џтіеТЮАсђѓућеТѕитЈ»С╗ЦТГБтИИУЙЊтЁЦТќЄТюг№╝їСйєУЙЊтЁЦТАєжФўт║дС┐ЮТїЂтЏ║т«џсђѓ[0m[0m[38;5;8m
РќИ Time: 1m 11s
[0m[1G[0m[0m[?25h

==================================================
ТЅДУАїт«їТѕљ: 2026-01-01 18:16:25

==================================================
=== DEVGENIE_METADATA ===
{"commit_hash": "068583d0990a52e3b4914ec713de561adfc02544", "changed_files": [{"path": "src/components/ChatPanel.tsx", "action": "modified"}], "completed_at": "2026-01-01T18:16:25.089710"}
=== END_METADATA ===
