=== т┐ФжђЪТеАт╝ЈТЅДУАїТЌЦт┐Ќ ===
ТЅДУАїТЌХжЌ┤: 2026-01-01 21:52:22
жА╣уЏ«у▒╗тъІ: УђЂжА╣уЏ«
тиЦСйюуЏ«тйЋ: /Users/kb/devgenie-data/organizations/default_org/projects/chatbot/generated/admin

ућеТѕижюђТ▒ѓ:
ТіітидСЙДТќЄтГЌРђют░Јж╣ЈIronТЋ░тГЌС║║тЉўтиЦтЙЁТю║СИГРђЮуџёУЃїТЎ»С╣ЪТћ╣СИ║ТхЁУЊЮУЅ▓

==================================================
ТЅДУАїТЌЦт┐Ќ:
==================================================

[38;5;141mРађРађРађРађРађРађРађ
РађРађРађРађРађРађРађ     РбђРБ┤РБХРБХРБдРАђРађРађРађРбђРБ┤РБХРБдРБёРАђРађРађРбђРБ┤РБХРБХРБдРАђРађРађРбђРБ┤РБХРБХРБХРБХРБХРБХРБХРБХРБХРБдРБёРАђРађРађРађРађРађРађРбђРБаРБ┤РБХРБХРБХРБХРБХРБдРБёРАђРађРађРађРађРађРађРађРађРађ
РађРађРађРађРађРађРађ    Рб░РБ┐РаІРаЂРаѕРаЎРБ┐РАєРађРбђРБЙРА┐РаЂРађРаѕРб╗РАєРб░РБ┐РаІРаЂРаѕРаЎРБ┐РАєРб░РБ┐РаІРаЂРађРађРађРађРађРађРађРађРаѕРаЎРа╗РБдРађРађРађРађРБ┤РА┐РаЪРаІРаЂРађРађРађРаѕРаЎРа╗Рб┐РБдРађРађРађРађРађРађРађ
РађРађРађРађРађРађРађ    РбИРБ┐РађРађРађРађРБ┐РБЄРБ┤РА┐РаІРађРађРађРбђРБ╝РаЄРбИРБ┐РађРађРађРађРБ┐РАЄРбИРБ┐РађРађРађРбаРБцРБцРБцРБцРБёРађРађРађРађРБ┐РАєРађРађРБ╝РАЪРађРађРађРађРБђРБђРБђРађРађРађРађРб╗РБДРађРађРађРађРађ
РађРађРађРађРађРађРађ    РбИРБ┐РађРађРађРађРБ┐РА┐РаІРађРађРађРбђРБЙРА┐РаЂРађРбИРБ┐РађРађРађРађРБ┐РАЄРбИРБ┐РађРађРађРбИРБ┐РаЅРаЅРаЅРБ┐РАЄРађРађРађРБ┐РАЄРађРБ╝РАЪРађРађРађРБ░РА┐РаЪРаЏРа╗Рб┐РБєРађРађРађРб╗РБДРађРађРађРађ
РађРађРађРађРађРађРађ    РбИРБ┐РађРађРађРађРаЎРаЂРађРађРбђРБ╝РАЪРаЂРађРађРађРбИРБ┐РађРађРађРађРБ┐РАЄРбИРБ┐РађРађРађРбИРБ┐РБХРБХРАХРаІРађРађРађРађРБ┐РаЄРб░РБ┐РађРађРађРб░РБ┐РађРађРађРађРађРБ┐РАєРађРађРађРБ┐РАє
РађРађРађРађРађРађРађ    РбИРБ┐РађРађРађРађРађРађРађРађРа╣РБиРАђРађРађРађРађРбИРБ┐РађРађРађРађРБ┐РАЄРбИРБ┐РађРађРађРађРађРађРађРађРађРађРађРБаРБ╝РаЪРађРбИРБ┐РађРађРађРбИРБ┐РађРађРађРађРађРБ┐РАЄРађРађРађРБ┐РАЄ
РађРађРађРађРађРађРађ    РбИРБ┐РађРађРађРађРађРБаРАђРађРађРа╣РБиРАёРађРађРађРбИРБ┐РађРађРађРађРБ┐РАЄРбИРБ┐РађРађРађРађРБцРБёРађРађРађРађРа╣РБ┐РАЁРађРађРаИРБ┐РађРађРађРаИРБ┐РађРађРађРађРађРБ┐РаЄРађРађРађРБ┐РаЄ
РађРађРађРађРађРађРађ    РбИРБ┐РађРађРађРађРБЙРАЪРБиРАђРађРађРаўРБ┐РБєРађРађРбИРБ┐РађРађРађРађРБ┐РАЄРбИРБ┐РађРађРађРађРБ┐РАЪРБиРАђРађРађРађРаўРБ┐РБєРађРађРб╗РБДРађРађРађРа╣РБиРБдРБцРБцРБЙРаЈРађРађРађРБ╝РАЪ
РађРађРађРађРађРађРађ    РбИРБ┐РађРађРађРађРБ┐РАЄРа╣РБиРАђРађРађРаѕРб╗РАЄРађРбИРБ┐РађРађРађРађРБ┐РАЄРбИРБ┐РађРађРађРађРБ┐РАЄРа╣РБиРАђРађРађРађРаѕРб╗РАЄРађРађРб╗РБДРађРађРађРађРаЅРаЅРаЅРађРађРађРађРБ╝РАЪ
РађРађРађРађРађРађРађ    РаИРБ┐РБёРАђРбђРБаРБ┐РаЄРађРаЎРБиРАђРађРбђРБ╝РаЄРађРаИРБ┐РБёРАђРбђРБаРБ┐РаЄРаИРБ┐РБёРАђРбђРБаРБ┐РаЄРађРаЎРБиРАђРађРађРбђРБ╝РаЄРађРађРађРа╗РБиРБдРБёРАђРађРађРађРбђРБаРБ┤РБЙРаЪ
РађРађРађРађРађРађРађ    РађРаѕРа╗Ра┐Ра┐РаЪРаЂРађРађРађРаѕРа╗Ра┐Ра┐РаЪРаЂРађРађРаѕРа╗Ра┐Ра┐РаЪРаЂРађРађРаѕРа╗Ра┐Ра┐РаЪРаЂРађРађРађРаѕРа╗Ра┐Ра┐РаЪРаЂРађРађРађРађРађРаѕРаЎРа╗Ра┐Ра┐Ра┐Ра┐РаЪРаІРаЂ[0m
[2K[1G[38;5;244mРЋГРћђРћђРћђРћђРћђРћђРћђРћђРћђРћђРћђРћђРћђРћђРћђРћђРћђРћђРћђРћђРћђРћђРћђРћђРћђРћђРћђРћђРћђРћђРћђ[39m Did you know? [38;5;244mРћђРћђРћђРћђРћђРћђРћђРћђРћђРћђРћђРћђРћђРћђРћђРћђРћђРћђРћђРћђРћђРћђРћђРћђРћђРћђРћђРћђРћђРћђРћђРћђРЋ«[39m
[38;5;244mРћѓ                                                                              Рћѓ
[39m[38;5;244mРћѓ[39m         Get notified whenever Kiro CLI finishes responding. Just run         [38;5;244mРћѓ[39m
[38;5;244mРћѓ[39m               [38;5;141mkiro-cli settings chat.enableNotifications true[0m                [38;5;244mРћѓ[39m
[38;5;244mРћѓ                                                                              Рћѓ
[39m[38;5;244mРЋ░РћђРћђРћђРћђРћђРћђРћђРћђРћђРћђРћђРћђРћђРћђРћђРћђРћђРћђРћђРћђРћђРћђРћђРћђРћђРћђРћђРћђРћђРћђРћђРћђРћђРћђРћђРћђРћђРћђРћђРћђРћђРћђРћђРћђРћђРћђРћђРћђРћђРћђРћђРћђРћђРћђРћђРћђРћђРћђРћђРћђРћђРћђРћђРћђРћђРћђРћђРћђРћђРћђРћђРћђРћђРћђРћђРћђРћђРћђРЋ»[39m
[38;5;244mModel: [0mAuto[38;5;244m ([0m[38;5;141m/model[0m[38;5;244m to change)
[0m
[0m[32mAll tools are now trusted ([0m[31m![0m[32m). Kiro will execute tools without asking for confirmation.[0m
Agents can sometimes do unexpected things so understand the risks.
Learn more at [38;5;141mhttps://kiro.dev/docs/cli/chat/security/#using-tools-trust-all-safely[0m
[38;5;252m[0m[?25l[38;5;141m> [0mТѕЉТЮЦт┐ФжђЪт«їТѕљУ┐ЎСИфС╗╗тіАсђѓждќтЁѕУ»╗тЈќжЁЇуй«С┐АТЂ»№╝їуёХтљјТЅЙтѕ░уЏИтЁ│С╗БуаЂт╣ХС┐«Тћ╣сђѓ[0m[0m
[?25l[0m[0mReading file: [38;5;141m/Users/kb/devgenie-data/organizations/default_org/projects/chatbot/generated/admin/.kiro/steering/context.md[0m, all lines[38;5;244m (using tool: read)[0m
[38;5;10m РюЊ [0mSuccessfully read [38;5;244m2029 bytes[0m from /Users/kb/devgenie-data/organizations/default_org/projects/chatbot/generated/admin/.kiro/steering/context.md
[38;5;244m - Completed in 0.0s[0m
[?25l[0m[38;5;141m> [0mуј░тюеТљюу┤бтїЁтљФ"т░Јж╣ЈIronТЋ░тГЌС║║тЉўтиЦтЙЁТю║СИГ"ТќЄтГЌуџёС╗БуаЂ№╝џ[0m[0m
[?25l[0m[0mSearching for: [38;5;141mт░Јж╣ЈIronТЋ░тГЌС║║тЉўтиЦтЙЁТю║СИГ[0m ([38;5;141m*.tsx[0m)[38;5;244m (using tool: grep)[0m
[38;5;9m РЮЌ [0mNo matches found for pattern: [38;5;244mт░Јж╣ЈIronТЋ░тГЌС║║тЉўтиЦтЙЁТю║СИГ[0m under current directory
[38;5;244m - Completed in 0.17s[0m
[?25l[0m[38;5;141m> [0mУ«ЕТѕЉТљюу┤буЏИтЁ│уџётЁ│жћ«У»Ї№╝џ[0m[0m
[?25l[0m[0mSearching for: [38;5;141mт░Јж╣Ј|Iron|ТЋ░тГЌС║║|тЉўтиЦ|тЙЁТю║[0m ([38;5;141m*.tsx[0m)[38;5;244m (using tool: grep)[0m
[38;5;10m РюЊ [0mSuccessfully found [38;5;244m7 matches[0m in [38;5;244m3 files[0m under current directory
[38;5;244m - Completed in 0.18s[0m
[?25l[0m[38;5;141m> [0mТЅЙтѕ░С║є№╝ЂУ«ЕТѕЉТЪЦуюІ [38;5;10mDigitalAssistant.tsx[0m ТќЄС╗Х№╝їУ┐ЎжЄїтїЁтљФС║єуЏИтЁ│уџёТќЄтГЌ№╝џ[0m[0m
[?25l[0m[0mReading file: [38;5;141m/Users/kb/devgenie-data/organizations/default_org/projects/chatbot/generated/admin/src/components/DigitalAssistant.tsx[0m, all lines[38;5;244m (using tool: read)[0m
[38;5;10m РюЊ [0mSuccessfully read [38;5;244m3515 bytes[0m from /Users/kb/devgenie-data/organizations/default_org/projects/chatbot/generated/admin/src/components/DigitalAssistant.tsx
[38;5;244m - Completed in 0.0s[0m
[?25l[0m[38;5;141m> [0mуј░тюеУ«ЕТѕЉТЪЦуюІ [38;5;10mMainLayout.tsx[0m ТќЄС╗Х№╝їуюІуюІтидСЙДТќЄтГЌуџётЁиСйЊСйЇуй«№╝џ[0m[0m
[?25l[0m[0mReading file: [38;5;141m/Users/kb/devgenie-data/organizations/default_org/projects/chatbot/generated/admin/src/components/MainLayout.tsx[0m, all lines[38;5;244m (using tool: read)[0m
[38;5;10m РюЊ [0mSuccessfully read [38;5;244m4479 bytes[0m from /Users/kb/devgenie-data/organizations/default_org/projects/chatbot/generated/admin/src/components/MainLayout.tsx
[38;5;244m - Completed in 0.0s[0m
[?25l[0m[38;5;141m> [0mТѕЉтЈЉуј░С║єжЌ«жбўТЅђтюесђѓућеТѕиУдЂТ▒ѓС┐«Тћ╣уџёТў»тидСЙДТќЄтГЌ"т░Јж╣ЈIronТЋ░тГЌС║║тЉўтиЦтЙЁТю║СИГ"уџёУЃїТЎ»сђѓС╗јС╗БуаЂСИГтЈ»С╗ЦуюІтѕ░№╝їУ┐ЎСИфТќЄтГЌт«ъжЎЁСИітѕєтИЃтюе [38;5;10mDigitalAssistant[0m у╗ёС╗ХСИГ№╝џ[0m[0m
- "т░Јж╣ЈIron" тюеугг97УАї[0m[0m
- "ТЋ░тГЌС║║тЉўтиЦ" тюеугг101УАї  [0m[0m
- "тЙЁТю║СИГ" тюеугг34УАїуџёуіХТђЂТќЄтГЌСИГ[0m[0m
[0m[0m
уј░тюеТѕЉжюђУдЂС┐«Тћ╣ [38;5;10mDigitalAssistant.tsx[0m ТќЄС╗Х№╝їу╗ЎУ┐ЎС║ЏТќЄтГЌТи╗тіаТхЁУЊЮУЅ▓УЃїТЎ»№╝џ[0m[0m
[?25l[0m[0mI'll modify the following file: [38;5;141msrc/components/DigitalAssistant.tsx[0m[38;5;244m (using tool: write)[0m
Purpose: у╗ЎтидСЙДТќЄтГЌ"т░Јж╣ЈIron"сђЂ"ТЋ░тГЌС║║тЉўтиЦ"тњїуіХТђЂТќЄтГЌТи╗тіаТхЁУЊЮУЅ▓УЃїТЎ»
[49m[38;5;9m-  96     [0m:[38;5;9m[49m       <Title level={3} style={{ color: 'white', marginBottom: '8px' }}>
[0m[49m[38;5;10m+       96[0m:[38;5;10m[49m       <Title level={3} style={{
[0m[49m[38;5;10m+       97[0m:[38;5;10m[49m         color: 'white',
[0m[49m[38;5;10m+       98[0m:[38;5;10m[49m         marginBottom: '8px',
[0m[49m[38;5;10m+       99[0m:[38;5;10m[49m         backgroundColor: 'rgba(135, 206, 235, 0.3)',
[0m[49m[38;5;10m+      100[0m:[38;5;10m[49m         padding: '8px 16px',
[0m[49m[38;5;10m+      101[0m:[38;5;10m[49m         borderRadius: '8px'
[0m[49m[38;5;10m+      102[0m:[38;5;10m[49m       }}>
[0m[49m[39m   97, 103[0m:[39m[49m         т░Јж╣ЈIron
[0m[49m[39m   98, 104[0m:[39m[49m       </Title>
[0m[49m[39m   99, 105[0m:[39m[49m
[0m[49m[38;5;9m- 100     [0m:[38;5;9m[49m       <Text style={{ color: 'rgba(255, 255, 255, 0.8)', fontSize: '16px' }}>
[0m[49m[38;5;10m+      106[0m:[38;5;10m[49m       <Text style={{
[0m[49m[38;5;10m+      107[0m:[38;5;10m[49m         color: 'rgba(255, 255, 255, 0.8)',
[0m[49m[38;5;10m+      108[0m:[38;5;10m[49m         fontSize: '16px',
[0m[49m[38;5;10m+      109[0m:[38;5;10m[49m         backgroundColor: 'rgba(135, 206, 235, 0.3)',
[0m[49m[38;5;10m+      110[0m:[38;5;10m[49m         padding: '4px 12px',
[0m[49m[38;5;10m+      111[0m:[38;5;10m[49m         borderRadius: '6px',
[0m[49m[38;5;10m+      112[0m:[38;5;10m[49m         display: 'inline-block'
[0m[49m[38;5;10m+      113[0m:[38;5;10m[49m       }}>
[0m[49m[39m  101, 114[0m:[39m[49m         ТЋ░тГЌС║║тЉўтиЦ
[0m[49m[39m  102, 115[0m:[39m[49m       </Text>
[0m[49m[39m  103, 116[0m:[39m[49m
[0m[49m[39m  104, 117[0m:[39m[49m       <div style={{ marginTop: '16px' }}>
[0m[49m[39m  105, 118[0m:[39m[49m         <Text
[0m[49m[39m  106, 119[0m:[39m[49m           style={{
[0m[49m[39m  107, 120[0m:[39m[49m             color: statusConfig.color === '#666' ? 'rgba(255, 255, 255, 0.6)' : statusConfig.color,
[0m[49m[39m  108, 121[0m:[39m[49m             fontSize: '14px',
[0m[49m[38;5;9m- 109     [0m:[38;5;9m[49m             fontWeight: 500
[0m[49m[38;5;10m+      122[0m:[38;5;10m[49m             fontWeight: 500,
[0m[49m[38;5;10m+      123[0m:[38;5;10m[49m             backgroundColor: 'rgba(135, 206, 235, 0.3)',
[0m[49m[38;5;10m+      124[0m:[38;5;10m[49m             padding: '4px 12px',
[0m[49m[38;5;10m+      125[0m:[38;5;10m[49m             borderRadius: '6px',
[0m[49m[38;5;10m+      126[0m:[38;5;10m[49m             display: 'inline-block'
[0m[49m[39m  110, 127[0m:[39m[49m           }}
[0m[49m[39m  111, 128[0m:[39m[49m         >
[0m[49m[39m  112, 129[0m:[39m[49m           {statusConfig.text}
[0m[49m[39m  113, 130[0m:[39m[49m         </Text>
[0m[49m[39m  114, 131[0m:[39m[49m       </div>
[0m[K
Updating: [38;5;141msrc/components/DigitalAssistant.tsx[0m
[38;5;244m - Completed in 0.1s[0m
[?25l[0m[38;5;141m> [0mуј░тюежфїУ»ЂС┐«Тћ╣Тў»тљдТѕљтіЪ№╝џ[0m[0m
[?25l[0m[0mI will run the following command: [38;5;141mcd /Users/kb/devgenie-data/organizations/default_org/projects/chatbot/generated/admin && npx tsc --noEmit 2>&1 | head -30[0m[38;5;244m (using tool: shell)[0m
Purpose: TypeScript у▒╗тъІТБђТЪЦ
[38;5;244m - Completed in 0.471s[0m
[?25l[0m[?25l[0m[0mI will run the following command: [38;5;141mcd /Users/kb/devgenie-data/organizations/default_org/projects/chatbot/generated/admin && ls -la src/components/DigitalAssistant.tsx[0m[38;5;244m (using tool: shell)[0m
Purpose: жфїУ»ЂТќЄС╗ХтГўтюе
-rw-r--r--@ 1 kb  staff  3979  1Тюѕ  1 21:53 src/components/DigitalAssistant.tsx
[38;5;244m - Completed in 0.22s[0m
[?25l[0m[?25l[0m[0mUpdating knowledge base context using new directory: [38;5;10m/Users/kb/devgenie-data/organizations/default_org/projects/chatbot/generated/admin[0m[38;5;244m (using tool: knowledge)[0m[38;5;244m - Completed in 0.7s[0m
[?25l[0m[38;5;141m> [0m[38;5;244mРћѓ ## т┐ФжђЪт╝ђтЈЉт«їТѕљ[0m[0m
[0m[0m
[38;5;252m[1m### С┐«Тћ╣тєЁт«╣[0m[0m
- С┐«Тћ╣ [38;5;10msrc/components/DigitalAssistant.tsx[0m - у╗ЎтидСЙДТќЄтГЌ"т░Јж╣ЈIron"сђЂ"ТЋ░тГЌС║║тЉўтиЦ"тњїуіХТђЂТќЄтГЌ"тЙЁТю║СИГ"Ти╗тіаТхЁУЊЮУЅ▓УЃїТЎ»[0m[0m
[0m[0m
[38;5;252m[1m### жфїУ»Ђ[0m[0m
РюЁ у╝ќУ»ЉжђџУ┐Є[0m[0m
[0m[0m
[38;5;252m[1m### т«їТѕљ[0m[0m
ти▓ТѕљтіЪСИ║тидСЙДуџё"т░Јж╣ЈIronТЋ░тГЌС║║тЉўтиЦтЙЁТю║СИГ"ТќЄтГЌТи╗тіаС║єТхЁУЊЮУЅ▓УЃїТЎ»сђѓСй┐ућеС║є [38;5;10mrgba(135, 206, 235, 0.3)[0m СйюСИ║УЃїТЎ»УЅ▓№╝їт╣ХТи╗тіаС║єтюєУДњтњїтєЁУЙ╣УиЮ№╝їСй┐ТќЄтГЌТЏ┤тіауЙјУДѓуфЂтЄ║сђѓ[0m[0m[38;5;8m
РќИ Time: 56s
[0m[1G[0m[0m[?25h

==================================================
ТЅДУАїт«їТѕљ: 2026-01-01 21:53:28

==================================================
=== DEVGENIE_METADATA ===
{"commit_hash": "1859b2aad0b138ae2f2e14fe94c0f422da8143ad", "changed_files": [{"path": "src/components/DigitalAssistant.tsx", "action": "modified"}], "completed_at": "2026-01-01T21:53:28.459862"}
=== END_METADATA ===
