=== т┐ФжђЪТеАт╝ЈТЅДУАїТЌЦт┐Ќ ===
ТЅДУАїТЌХжЌ┤: 2026-01-01 22:09:08
жА╣уЏ«у▒╗тъІ: УђЂжА╣уЏ«
тиЦСйюуЏ«тйЋ: /Users/kb/devgenie-data/organizations/default_org/projects/chatbot/generated/admin

ућеТѕижюђТ▒ѓ:
Тііт»╣У»ЮТАєуџёТХѕТЂ»ТќЄтГЌжЃйТћ╣СИ║ж╗ЉУЅ▓№╝їСИЇУдЂтіау▓Ќ

==================================================
ТЅДУАїТЌЦт┐Ќ:
==================================================

[38;5;141mРађРађРађРађРађРађРађ
РађРађРађРађРађРађРађ     РбђРБ┤РБХРБХРБдРАђРађРађРађРбђРБ┤РБХРБдРБёРАђРађРађРбђРБ┤РБХРБХРБдРАђРађРађРбђРБ┤РБХРБХРБХРБХРБХРБХРБХРБХРБХРБдРБёРАђРађРађРађРађРађРађРбђРБаРБ┤РБХРБХРБХРБХРБХРБдРБёРАђРађРађРађРађРађРађРађРађРађ
РађРађРађРађРађРађРађ    Рб░РБ┐РаІРаЂРаѕРаЎРБ┐РАєРађРбђРБЙРА┐РаЂРађРаѕРб╗РАєРб░РБ┐РаІРаЂРаѕРаЎРБ┐РАєРб░РБ┐РаІРаЂРађРађРађРађРађРађРађРађРаѕРаЎРа╗РБдРађРађРађРађРБ┤РА┐РаЪРаІРаЂРађРађРађРаѕРаЎРа╗Рб┐РБдРађРађРађРађРађРађРађ
РађРађРађРађРађРађРађ    РбИРБ┐РађРађРађРађРБ┐РБЄРБ┤РА┐РаІРађРађРађРбђРБ╝РаЄРбИРБ┐РађРађРађРађРБ┐РАЄРбИРБ┐РађРађРађРбаРБцРБцРБцРБцРБёРађРађРађРађРБ┐РАєРађРађРБ╝РАЪРађРађРађРађРБђРБђРБђРађРађРађРађРб╗РБДРађРађРађРађРађ
РађРађРађРађРађРађРађ    РбИРБ┐РађРађРађРађРБ┐РА┐РаІРађРађРађРбђРБЙРА┐РаЂРађРбИРБ┐РађРађРађРађРБ┐РАЄРбИРБ┐РађРађРађРбИРБ┐РаЅРаЅРаЅРБ┐РАЄРађРађРађРБ┐РАЄРађРБ╝РАЪРађРађРађРБ░РА┐РаЪРаЏРа╗Рб┐РБєРађРађРађРб╗РБДРађРађРађРађ
РађРађРађРађРађРађРађ    РбИРБ┐РађРађРађРађРаЎРаЂРађРађРбђРБ╝РАЪРаЂРађРађРађРбИРБ┐РађРађРађРађРБ┐РАЄРбИРБ┐РађРађРађРбИРБ┐РБХРБХРАХРаІРађРађРађРађРБ┐РаЄРб░РБ┐РађРађРађРб░РБ┐РађРађРађРађРађРБ┐РАєРађРађРађРБ┐РАє
РађРађРађРађРађРађРађ    РбИРБ┐РађРађРађРађРађРађРађРађРа╣РБиРАђРађРађРађРађРбИРБ┐РађРађРађРађРБ┐РАЄРбИРБ┐РађРађРађРађРађРађРађРађРађРађРађРБаРБ╝РаЪРађРбИРБ┐РађРађРађРбИРБ┐РађРађРађРађРађРБ┐РАЄРађРађРађРБ┐РАЄ
РађРађРађРађРађРађРађ    РбИРБ┐РађРађРађРађРађРБаРАђРађРађРа╣РБиРАёРађРађРађРбИРБ┐РађРађРађРађРБ┐РАЄРбИРБ┐РађРађРађРађРБцРБёРађРађРађРађРа╣РБ┐РАЁРађРађРаИРБ┐РађРађРађРаИРБ┐РађРађРађРађРађРБ┐РаЄРађРађРађРБ┐РаЄ
РађРађРађРађРађРађРађ    РбИРБ┐РађРађРађРађРБЙРАЪРБиРАђРађРађРаўРБ┐РБєРађРађРбИРБ┐РађРађРађРађРБ┐РАЄРбИРБ┐РађРађРађРађРБ┐РАЪРБиРАђРађРађРађРаўРБ┐РБєРађРађРб╗РБДРађРађРађРа╣РБиРБдРБцРБцРБЙРаЈРађРађРађРБ╝РАЪ
РађРађРађРађРађРађРађ    РбИРБ┐РађРађРађРађРБ┐РАЄРа╣РБиРАђРађРађРаѕРб╗РАЄРађРбИРБ┐РађРађРађРађРБ┐РАЄРбИРБ┐РађРађРађРађРБ┐РАЄРа╣РБиРАђРађРађРађРаѕРб╗РАЄРађРађРб╗РБДРађРађРађРађРаЅРаЅРаЅРађРађРађРађРБ╝РАЪ
РађРађРађРађРађРађРађ    РаИРБ┐РБёРАђРбђРБаРБ┐РаЄРађРаЎРБиРАђРађРбђРБ╝РаЄРађРаИРБ┐РБёРАђРбђРБаРБ┐РаЄРаИРБ┐РБёРАђРбђРБаРБ┐РаЄРађРаЎРБиРАђРађРађРбђРБ╝РаЄРађРађРађРа╗РБиРБдРБёРАђРађРађРађРбђРБаРБ┤РБЙРаЪ
РађРађРађРађРађРађРађ    РађРаѕРа╗Ра┐Ра┐РаЪРаЂРађРађРађРаѕРа╗Ра┐Ра┐РаЪРаЂРађРађРаѕРа╗Ра┐Ра┐РаЪРаЂРађРађРаѕРа╗Ра┐Ра┐РаЪРаЂРађРађРађРаѕРа╗Ра┐Ра┐РаЪРаЂРађРађРађРађРађРаѕРаЎРа╗Ра┐Ра┐Ра┐Ра┐РаЪРаІРаЂ[0m
[2K[1G[38;5;244mРЋГРћђРћђРћђРћђРћђРћђРћђРћђРћђРћђРћђРћђРћђРћђРћђРћђРћђРћђРћђРћђРћђРћђРћђРћђРћђРћђРћђРћђРћђРћђРћђ[39m Did you know? [38;5;244mРћђРћђРћђРћђРћђРћђРћђРћђРћђРћђРћђРћђРћђРћђРћђРћђРћђРћђРћђРћђРћђРћђРћђРћђРћђРћђРћђРћђРћђРћђРћђРћђРЋ«[39m
[38;5;244mРћѓ                                                                              Рћѓ
[39m[38;5;244mРћѓ[39m     Enable workspace checkpoints to snapshot & restore changes. Just run     [38;5;244mРћѓ[39m
[38;5;244mРћѓ[39m                 [38;5;141mkiro-cli[0m [38;5;141msettings chat.enableCheckpoint true[0m                 [38;5;244mРћѓ[39m
[38;5;244mРћѓ                                                                              Рћѓ
[39m[38;5;244mРЋ░РћђРћђРћђРћђРћђРћђРћђРћђРћђРћђРћђРћђРћђРћђРћђРћђРћђРћђРћђРћђРћђРћђРћђРћђРћђРћђРћђРћђРћђРћђРћђРћђРћђРћђРћђРћђРћђРћђРћђРћђРћђРћђРћђРћђРћђРћђРћђРћђРћђРћђРћђРћђРћђРћђРћђРћђРћђРћђРћђРћђРћђРћђРћђРћђРћђРћђРћђРћђРћђРћђРћђРћђРћђРћђРћђРћђРћђРћђРЋ»[39m
[38;5;244mModel: [0mAuto[38;5;244m ([0m[38;5;141m/model[0m[38;5;244m to change)
[0m
[0m[32mAll tools are now trusted ([0m[31m![0m[32m). Kiro will execute tools without asking for confirmation.[0m
Agents can sometimes do unexpected things so understand the risks.
Learn more at [38;5;141mhttps://kiro.dev/docs/cli/chat/security/#using-tools-trust-all-safely[0m
[38;5;252m[0m[?25l[38;5;141m> [0mТѕЉт░єт┐ФжђЪт«їТѕљУ┐ЎСИфС╗╗тіАсђѓждќтЁѕУ»╗тЈќжЁЇуй«С┐АТЂ»№╝їуёХтљјтѕєТъљС╗БуаЂТЅЙтѕ░т»╣У»ЮТАєуЏИтЁ│уџёТаит╝Јт╣ХС┐«Тћ╣сђѓ[0m[0m
[?25l[0m[0mReading file: [38;5;141m/Users/kb/devgenie-data/organizations/default_org/projects/chatbot/generated/admin/.kiro/steering/context.md[0m, all lines[38;5;244m (using tool: read)[0m
[38;5;10m РюЊ [0mSuccessfully read [38;5;244m2019 bytes[0m from /Users/kb/devgenie-data/organizations/default_org/projects/chatbot/generated/admin/.kiro/steering/context.md
[38;5;244m - Completed in 0.0s[0m
[?25l[0m[38;5;141m> [0mуј░тюеТѕЉТЮЦтѕєТъљжА╣уЏ«у╗ЊТъё№╝їт»╗ТЅЙт»╣У»ЮТАєуЏИтЁ│уџёу╗ёС╗Х№╝џ[0m[0m
[?25l[0m[0mSearching knowledge base for: [38;5;141mт»╣У»ЮТАє ТХѕТЂ» УЂітцЕ chat message[0m in context: [38;5;141m91c9585c-2a03-4487-a5c9-b3225a402f93[0m[38;5;244m (using tool: knowledge)[0m
[38;5;10m РюЊ [0mFound 5 results for query 'т»╣У»ЮТАє ТХѕТЂ» УЂітцЕ chat message'
[38;5;244m - Completed in 0.41s[0m
[?25l[0m[38;5;141m> [0mуј░тюеТѕЉТЮЦТљюу┤бт»╣У»ЮТАєуЏИтЁ│уџёу╗ёС╗Х№╝џ[0m[0m
[?25l[0m[0mSearching for: [38;5;141mmessage|chat|dialog|т»╣У»Ю[0m ([38;5;141m*.tsx[0m)[38;5;244m (using tool: grep)[0m
[38;5;10m РюЊ [0mSuccessfully found [38;5;244m37 matches[0m in [38;5;244m3 files[0m under current directory (result is truncated)
[38;5;244m - Completed in 0.18s[0m
[?25l[0m[38;5;141m> [0mТЅЙтѕ░С║є№╝ЂChatPanel у╗ёС╗ХТў»тцёуљєт»╣У»ЮТАєТХѕТЂ»уџёСИ╗УдЂу╗ёС╗ХсђѓУ«ЕТѕЉТЪЦуюІУ┐ЎСИфТќЄС╗Х№╝џ[0m[0m
[?25l[0m[0mReading file: [38;5;141m/Users/kb/devgenie-data/organizations/default_org/projects/chatbot/generated/admin/src/components/ChatPanel.tsx[0m, all lines[38;5;244m (using tool: read)[0m
[38;5;10m РюЊ [0mSuccessfully read [38;5;244m5416 bytes[0m from /Users/kb/devgenie-data/organizations/default_org/projects/chatbot/generated/admin/src/components/ChatPanel.tsx
[38;5;244m - Completed in 0.0s[0m
[?25l[0m[38;5;141m> [0mТЅЙтѕ░С║єжЌ«жбў№╝Ђтюеугг119УАї№╝їТХѕТЂ»тєЁт«╣уџёТаит╝ЈСИГТюЅ [38;5;10mfontWeight: 'bold'[0m тњї [38;5;10mcolor: 'red'[0mсђѓТѕЉжюђУдЂт░єУ┐ЎС║ЏС┐«Тћ╣СИ║ж╗ЉУЅ▓СИћСИЇтіау▓Ќ№╝џ[0m[0m
[?25l[0m[0mI'll modify the following file: [38;5;141msrc/components/ChatPanel.tsx[0m[38;5;244m (using tool: write)[0m
Purpose: т░єт»╣У»ЮТАєТХѕТЂ»ТќЄтГЌТћ╣СИ║ж╗ЉУЅ▓СИћСИЇтіау▓Ќ
[49m[38;5;9m- 120     [0m:[38;5;9m[49m                   <div style={{ whiteSpace: 'pre-wrap', fontWeight: 'bold', color: 'red' }}>
[0m[49m[38;5;10m+      120[0m:[38;5;10m[49m                   <div style={{ whiteSpace: 'pre-wrap', fontWeight: 'normal', color: 'black' }}>
[0m[49m[39m  121, 121[0m:[39m[49m                     {message.content}
[0m[49m[39m  122, 122[0m:[39m[49m                   </div>
[0m[K
Updating: [38;5;141msrc/components/ChatPanel.tsx[0m
[38;5;244m - Completed in 0.1s[0m
[?25l[0m[38;5;141m> [0mуј░тюежфїУ»ЂС┐«Тћ╣Тў»тљдТѕљтіЪ№╝џ[0m[0m
[?25l[0m[0mI will run the following command: [38;5;141mcd /Users/kb/devgenie-data/organizations/default_org/projects/chatbot/generated/admin && npx tsc --noEmit 2>&1 | head -30[0m[38;5;244m (using tool: shell)[0m
Purpose: TypeScript у▒╗тъІТБђТЪЦ
[38;5;244m - Completed in 0.488s[0m
[?25l[0m[?25l[0m[0mI will run the following command: [38;5;141mcd /Users/kb/devgenie-data/organizations/default_org/projects/chatbot/generated/admin && ls -la src/components/ChatPanel.tsx[0m[38;5;244m (using tool: shell)[0m
Purpose: жфїУ»ЂТќЄС╗ХтГўтюе
-rw-r--r--@ 1 kb  staff  5421  1Тюѕ  1 22:09 src/components/ChatPanel.tsx
[38;5;244m - Completed in 0.20s[0m
[?25l[0m[38;5;141m> [0mуј░тюеТЏ┤Тќ░уЪЦУ»єу┤бт╝Ћ№╝џ[0m[0m
[?25l[0m[0mUpdating knowledge base context with ID: [38;5;10m91c9585c-2a03-4487-a5c9-b3225a402f93[0m using new directory: [38;5;10m/Users/kb/devgenie-data/organizations/default_org/projects/chatbot/generated/admin[0m[38;5;244m (using tool: knowledge)[0m[38;5;244m - Completed in 0.5s[0m
[?25l[0m[38;5;141m> [0m[38;5;244mРћѓ ## т┐ФжђЪт╝ђтЈЉт«їТѕљ[0m[0m
[0m[0m
[38;5;252m[1m### С┐«Тћ╣тєЁт«╣[0m[0m
- С┐«Тћ╣ [38;5;10msrc/components/ChatPanel.tsx[0m - т░єт»╣У»ЮТАєТХѕТЂ»ТќЄтГЌТаит╝ЈС╗ју║бУЅ▓тіау▓ЌТћ╣СИ║ж╗ЉУЅ▓ТГБтИИтГЌжЄЇ[0m[0m
[0m[0m
[38;5;252m[1m### жфїУ»Ђ[0m[0m
РюЁ у╝ќУ»ЉжђџУ┐Є[0m[0m
[0m[0m
[38;5;252m[1m### т«їТѕљ[0m[0m
ти▓ТѕљтіЪт░єт»╣У»ЮТАєуџёТХѕТЂ»ТќЄтГЌжЃйТћ╣СИ║ж╗ЉУЅ▓№╝їт╣ХуД╗жЎцС║єтіау▓ЌТаит╝ЈсђѓС┐«Тћ╣СйЇуй«тюе ChatPanel у╗ёС╗Хуџёугг119УАї№╝їт░є [38;5;10mfontWeight: 'bold', color: 'red'[0m Тћ╣СИ║ [38;5;10mfontWeight: 'normal', color: 'black'[0mсђѓ[0m[0m[38;5;8m
РќИ Time: 44s
[0m[1G[0m[0m[?25h

==================================================
ТЅДУАїт«їТѕљ: 2026-01-01 22:09:59
