=== т┐ФжђЪТеАт╝ЈТЅДУАїТЌЦт┐Ќ ===
ТЅДУАїТЌХжЌ┤: 2026-01-01 21:56:54
жА╣уЏ«у▒╗тъІ: УђЂжА╣уЏ«
тиЦСйюуЏ«тйЋ: /Users/kb/devgenie-data/organizations/default_org/projects/chatbot/generated/admin

ућеТѕижюђТ▒ѓ:
ТііжАхжЮбТюЅуџёу┤ФУЅ▓жЃйТћ╣СИ║ТхЁУЊЮУЅ▓

==================================================
ТЅДУАїТЌЦт┐Ќ:
==================================================

[38;5;141mРађРађРађРађРађРађРађ
РађРађРађРађРађРађРађ     РбђРБ┤РБХРБХРБдРАђРађРађРађРбђРБ┤РБХРБдРБёРАђРађРађРбђРБ┤РБХРБХРБдРАђРађРађРбђРБ┤РБХРБХРБХРБХРБХРБХРБХРБХРБХРБдРБёРАђРађРађРађРађРађРађРбђРБаРБ┤РБХРБХРБХРБХРБХРБдРБёРАђРађРађРађРађРађРађРађРађРађ
РађРађРађРађРађРађРађ    Рб░РБ┐РаІРаЂРаѕРаЎРБ┐РАєРађРбђРБЙРА┐РаЂРађРаѕРб╗РАєРб░РБ┐РаІРаЂРаѕРаЎРБ┐РАєРб░РБ┐РаІРаЂРађРађРађРађРађРађРађРађРаѕРаЎРа╗РБдРађРађРађРађРБ┤РА┐РаЪРаІРаЂРађРађРађРаѕРаЎРа╗Рб┐РБдРађРађРађРађРађРађРађ
РађРађРађРађРађРађРађ    РбИРБ┐РађРађРађРађРБ┐РБЄРБ┤РА┐РаІРађРађРађРбђРБ╝РаЄРбИРБ┐РађРађРађРађРБ┐РАЄРбИРБ┐РађРађРађРбаРБцРБцРБцРБцРБёРађРађРађРађРБ┐РАєРађРађРБ╝РАЪРађРађРађРађРБђРБђРБђРађРађРађРађРб╗РБДРађРађРађРађРађ
РађРађРађРађРађРађРађ    РбИРБ┐РађРађРађРађРБ┐РА┐РаІРађРађРађРбђРБЙРА┐РаЂРађРбИРБ┐РађРађРађРађРБ┐РАЄРбИРБ┐РађРађРађРбИРБ┐РаЅРаЅРаЅРБ┐РАЄРађРађРађРБ┐РАЄРађРБ╝РАЪРађРађРађРБ░РА┐РаЪРаЏРа╗Рб┐РБєРађРађРађРб╗РБДРађРађРађРађ
РађРађРађРађРађРађРађ    РбИРБ┐РађРађРађРађРаЎРаЂРађРађРбђРБ╝РАЪРаЂРађРађРађРбИРБ┐РађРађРађРађРБ┐РАЄРбИРБ┐РађРађРађРбИРБ┐РБХРБХРАХРаІРађРађРађРађРБ┐РаЄРб░РБ┐РађРађРађРб░РБ┐РађРађРађРађРађРБ┐РАєРађРађРађРБ┐РАє
РађРађРађРађРађРађРађ    РбИРБ┐РађРађРађРађРађРађРађРађРа╣РБиРАђРађРађРађРађРбИРБ┐РађРађРађРађРБ┐РАЄРбИРБ┐РађРађРађРађРађРађРађРађРађРађРађРБаРБ╝РаЪРађРбИРБ┐РађРађРађРбИРБ┐РађРађРађРађРађРБ┐РАЄРађРађРађРБ┐РАЄ
РађРађРађРађРађРађРађ    РбИРБ┐РађРађРађРађРађРБаРАђРађРађРа╣РБиРАёРађРађРађРбИРБ┐РађРађРађРађРБ┐РАЄРбИРБ┐РађРађРађРађРБцРБёРађРађРађРађРа╣РБ┐РАЁРађРађРаИРБ┐РађРађРађРаИРБ┐РађРађРађРађРађРБ┐РаЄРађРађРађРБ┐РаЄ
РађРађРађРађРађРађРађ    РбИРБ┐РађРађРађРађРБЙРАЪРБиРАђРађРађРаўРБ┐РБєРађРађРбИРБ┐РађРађРађРађРБ┐РАЄРбИРБ┐РађРађРађРађРБ┐РАЪРБиРАђРађРађРађРаўРБ┐РБєРађРађРб╗РБДРађРађРађРа╣РБиРБдРБцРБцРБЙРаЈРађРађРађРБ╝РАЪ
РађРађРађРађРађРађРађ    РбИРБ┐РађРађРађРађРБ┐РАЄРа╣РБиРАђРађРађРаѕРб╗РАЄРађРбИРБ┐РађРађРађРађРБ┐РАЄРбИРБ┐РађРађРађРађРБ┐РАЄРа╣РБиРАђРађРађРађРаѕРб╗РАЄРађРађРб╗РБДРађРађРађРађРаЅРаЅРаЅРађРађРађРађРБ╝РАЪ
РађРађРађРађРађРађРађ    РаИРБ┐РБёРАђРбђРБаРБ┐РаЄРађРаЎРБиРАђРађРбђРБ╝РаЄРађРаИРБ┐РБёРАђРбђРБаРБ┐РаЄРаИРБ┐РБёРАђРбђРБаРБ┐РаЄРађРаЎРБиРАђРађРађРбђРБ╝РаЄРађРађРађРа╗РБиРБдРБёРАђРађРађРађРбђРБаРБ┤РБЙРаЪ
РађРађРађРађРађРађРађ    РађРаѕРа╗Ра┐Ра┐РаЪРаЂРађРађРађРаѕРа╗Ра┐Ра┐РаЪРаЂРађРађРаѕРа╗Ра┐Ра┐РаЪРаЂРађРађРаѕРа╗Ра┐Ра┐РаЪРаЂРађРађРађРаѕРа╗Ра┐Ра┐РаЪРаЂРађРађРађРађРађРаѕРаЎРа╗Ра┐Ра┐Ра┐Ра┐РаЪРаІРаЂ[0m
[2K[1G[38;5;244mРЋГРћђРћђРћђРћђРћђРћђРћђРћђРћђРћђРћђРћђРћђРћђРћђРћђРћђРћђРћђРћђРћђРћђРћђРћђРћђРћђРћђРћђРћђРћђРћђ[39m Did you know? [38;5;244mРћђРћђРћђРћђРћђРћђРћђРћђРћђРћђРћђРћђРћђРћђРћђРћђРћђРћђРћђРћђРћђРћђРћђРћђРћђРћђРћђРћђРћђРћђРћђРћђРЋ«[39m
[38;5;244mРћѓ                                                                              Рћѓ
[39m[38;5;244mРћѓ[39m                 Use [38;5;141mshift + tab[0m or [38;5;141m/plan[0m to enter Plan agent                 [38;5;244mРћѓ[39m
[38;5;244mРћѓ[39m         to define requirements before coding starts. Use [38;5;141mshift + tab[0m         [38;5;244mРћѓ[39m
[38;5;244mРћѓ[39m                     anytime to return to previous agent                      [38;5;244mРћѓ[39m
[38;5;244mРћѓ                                                                              Рћѓ
[39m[38;5;244mРЋ░РћђРћђРћђРћђРћђРћђРћђРћђРћђРћђРћђРћђРћђРћђРћђРћђРћђРћђРћђРћђРћђРћђРћђРћђРћђРћђРћђРћђРћђРћђРћђРћђРћђРћђРћђРћђРћђРћђРћђРћђРћђРћђРћђРћђРћђРћђРћђРћђРћђРћђРћђРћђРћђРћђРћђРћђРћђРћђРћђРћђРћђРћђРћђРћђРћђРћђРћђРћђРћђРћђРћђРћђРћђРћђРћђРћђРћђРћђРЋ»[39m
[38;5;244mModel: [0mAuto[38;5;244m ([0m[38;5;141m/model[0m[38;5;244m to change)
[0m
[0m[32mAll tools are now trusted ([0m[31m![0m[32m). Kiro will execute tools without asking for confirmation.[0m
Agents can sometimes do unexpected things so understand the risks.
Learn more at [38;5;141mhttps://kiro.dev/docs/cli/chat/security/#using-tools-trust-all-safely[0m
[38;5;252m[0m[?25l[38;5;141m> [0mТѕЉТЮЦт┐ФжђЪт«їТѕљУ┐ЎСИфС╗╗тіАсђѓждќтЁѕУ»╗тЈќжЁЇуй«С┐АТЂ»№╝їуёХтљјТЅЙтѕ░ТЅђТюЅу┤ФУЅ▓уЏИтЁ│уџёС╗БуаЂт╣ХС┐«Тћ╣СИ║ТхЁУЊЮУЅ▓сђѓ[0m[0m
[?25l[0m[0mReading file: [38;5;141m/Users/kb/devgenie-data/organizations/default_org/projects/chatbot/generated/admin/.kiro/steering/context.md[0m, all lines[38;5;244m (using tool: read)[0m
[38;5;10m РюЊ [0mSuccessfully read [38;5;244m2016 bytes[0m from /Users/kb/devgenie-data/organizations/default_org/projects/chatbot/generated/admin/.kiro/steering/context.md
[38;5;244m - Completed in 0.0s[0m
[?25l[0m[38;5;141m> [0mуј░тюеТљюу┤бжА╣уЏ«СИГТЅђТюЅтїЁтљФу┤ФУЅ▓уџёС╗БуаЂ№╝џ[0m[0m
[?25l[0m[0mSearching for: [38;5;141mpurple|#[0-9a-fA-F]{3,6}.*purple|rgb\(.*purple|hsl\(.*purple[0m in [38;5;141m/Users/kb/devgenie-data/organizations/default_org/projects/chatbot/generated/admin[0m ([38;5;141m*.tsx,*.ts,*.css,*.scss,*.less[0m)[38;5;244m (using tool: grep)[0m[38;5;244m - Completed in 0.18s[0m
[?25l[0m[38;5;141m> [0mУ«ЕТѕЉТљюу┤бТЏ┤т╣┐Т│Џуџёу┤ФУЅ▓уЏИтЁ│тєЁт«╣№╝џ[0m[0m
[?25l[0m[0mSearching for: [38;5;141mpurple[0m in [38;5;141m/Users/kb/devgenie-data/organizations/default_org/projects/chatbot/generated/admin[0m[38;5;244m (using tool: grep)[0m
[38;5;10m РюЊ [0mSuccessfully found [38;5;244m1 matches[0m in [38;5;244m1 files[0m under /Users/kb/devgenie-data/organizations/default_org/projects/chatbot/generated/admin
[38;5;244m - Completed in 0.42s[0m
[?25l[0m[38;5;141m> [0mУ«ЕТѕЉТљюу┤бтЈ»УЃйуџёу┤ФУЅ▓тЇЂтЁГУ┐ЏтѕХС╗БуаЂ№╝џ[0m[0m
[?25l[0m[0mSearching for: [38;5;141m#[89a-fA-F][0-9a-fA-F][0-9a-fA-F][0-9a-fA-F][0-9a-fA-F][0-9a-fA-F]|#[89a-fA-F][0-9a-fA-F][0-9a-fA-F][0m in [38;5;141m/Users/kb/devgenie-data/organizations/default_org/projects/chatbot/generated/admin[0m ([38;5;141m*.tsx,*.ts,*.css,*.scss,*.less,*.js[0m)[38;5;244m (using tool: grep)[0m[38;5;244m - Completed in 0.16s[0m
[?25l[0m[38;5;141m> [0mУ«ЕТѕЉтЁѕТЪЦуюІжА╣уЏ«у╗ЊТъё№╝џ[0m[0m
[?25l[0m[0mSearching for files: [38;5;141msrc/**/*[0m in [38;5;141m/Users/kb/devgenie-data/organizations/default_org/projects/chatbot/generated/admin[0m[38;5;244m (using tool: glob)[0m
[38;5;10m РюЊ [0mSuccessfully found [38;5;244m13 files[0m under /Users/kb/devgenie-data/organizations/default_org/projects/chatbot/generated/admin
[38;5;244m - Completed in 0.1s[0m
[?25l[0m[38;5;141m> [0mуј░тюеТљюу┤бТЅђТюЅТ║љТќЄС╗ХСИГуџёжбюУЅ▓уЏИтЁ│тєЁт«╣№╝џ[0m[0m
[?25l[0m[0mSearching for: [38;5;141m#[0-9a-fA-F]{6}|#[0-9a-fA-F]{3}|rgb\(|rgba\(|hsl\(|hsla\([0m in [38;5;141m/Users/kb/devgenie-data/organizations/default_org/projects/chatbot/generated/admin/src[0m ([38;5;141m*.tsx,*.ts,*.css[0m)[38;5;244m (using tool: grep)[0m[38;5;244m - Completed in 0.5s[0m
[?25l[0m[38;5;141m> [0mУ«ЕТѕЉуЏ┤ТјЦТЪЦуюІСИ╗УдЂуџёТаит╝ЈТќЄС╗Хтњїу╗ёС╗ХТќЄС╗Х№╝џ[0m[0m
[?25l[0m[0mBatch fs_read operation with [38;5;141m2[0m operations[38;5;244m (using tool: read)[0m
Рє▒ Operation 1: Reading file: [38;5;141m/Users/kb/devgenie-data/organizations/default_org/projects/chatbot/generated/admin/src/App.css[0m, all lines
Рє▒ Operation 2: Reading file: [38;5;141m/Users/kb/devgenie-data/organizations/default_org/projects/chatbot/generated/admin/src/index.css[0m, all lines
[38;5;10m РюЊ [0mSuccessfully read [38;5;244m683 bytes[0m from /Users/kb/devgenie-data/organizations/default_org/projects/chatbot/generated/admin/src/App.css
[38;5;10m РюЊ [0mSuccessfully read [38;5;244m1180 bytes[0m from /Users/kb/devgenie-data/organizations/default_org/projects/chatbot/generated/admin/src/index.css
РІ«
[38;5;244m- [0mSummary: 2 operations processed, 2 successful, 0 failed
[38;5;244m - Completed in 0.0s[0m
[?25l[0m[38;5;141m> [0mТѕЉтЈЉуј░С║єу┤ФУЅ▓уЏИтЁ│уџёжбюУЅ▓№╝Ђтюе [38;5;10mindex.css[0m СИГТюЅ [38;5;10m#646cff[0m№╝ѕУЊЮу┤ФУЅ▓№╝Ѕтњї [38;5;10m#535bf2[0m№╝ѕу┤ФУЅ▓№╝Ѕ№╝їУ┐ўТюЅ [38;5;10m#747bff[0m№╝ѕТхЁу┤ФУЅ▓№╝ЅсђѓУ«ЕТѕЉТЪЦуюІСИ╗УдЂу╗ёС╗ХТќЄС╗Х№╝џ[0m[0m
[?25l[0m[0mReading file: [38;5;141m/Users/kb/devgenie-data/organizations/default_org/projects/chatbot/generated/admin/src/App.tsx[0m, all lines[38;5;244m (using tool: read)[0m
[38;5;10m РюЊ [0mSuccessfully read [38;5;244m454 bytes[0m from /Users/kb/devgenie-data/organizations/default_org/projects/chatbot/generated/admin/src/App.tsx
[38;5;244m - Completed in 0.0s[0m
[?25l[0m[38;5;141m> [0mтЙѕтЦй№╝ЂТѕЉуюІтѕ░ App.tsx СИГти▓у╗ЈСй┐ућеС║єТхЁУЊЮУЅ▓ [38;5;10m#87ceeb[0mсђѓуј░тюеУ«ЕТѕЉТБђТЪЦтЁХС╗ќу╗ёС╗ХТќЄС╗ХТў»тљдТюЅу┤ФУЅ▓№╝џ[0m[0m
[?25l[0m[0mReading file: [38;5;141m/Users/kb/devgenie-data/organizations/default_org/projects/chatbot/generated/admin/src/components/MainLayout.tsx[0m, all lines[38;5;244m (using tool: read)[0m
[38;5;10m РюЊ [0mSuccessfully read [38;5;244m4479 bytes[0m from /Users/kb/devgenie-data/organizations/default_org/projects/chatbot/generated/admin/src/components/MainLayout.tsx
[38;5;244m - Completed in 0.0s[0m
[?25l[0m[38;5;141m> [0mтЙѕтЦй№╝ЂMainLayout ти▓у╗ЈСй┐ућеС║єТхЁУЊЮУЅ▓сђѓуј░тюеУ«ЕТѕЉТБђТЪЦтЁХС╗ќу╗ёС╗Х№╝џ[0m[0m
[?25l[0m[0mReading file: [38;5;141m/Users/kb/devgenie-data/organizations/default_org/projects/chatbot/generated/admin/src/components/DigitalAssistant.tsx[0m, all lines[38;5;244m (using tool: read)[0m
[38;5;10m РюЊ [0mSuccessfully read [38;5;244m3978 bytes[0m from /Users/kb/devgenie-data/organizations/default_org/projects/chatbot/generated/admin/src/components/DigitalAssistant.tsx
[38;5;244m - Completed in 0.0s[0m
[?25l[0m[38;5;141m> [0mтЈЉуј░С║єу┤ФУЅ▓№╝Ђтюе DigitalAssistant у╗ёС╗ХСИГТюЅу┤ФУЅ▓ТИљтЈў№╝џ[38;5;10mbackground: 'linear-gradient(135deg, #667eea 0%, #764ba2 100%)'[0mсђѓуј░тюеУ«ЕТѕЉС┐«Тћ╣У┐ЎСИфу┤ФУЅ▓СИ║ТхЁУЊЮУЅ▓№╝џ[0m[0m
[?25l[0m[0mI'll modify the following file: [38;5;141msrc/components/DigitalAssistant.tsx[0m[38;5;244m (using tool: write)[0m
[49m[38;5;9m- 47    [0m:[38;5;9m[49m         background: 'linear-gradient(135deg, #667eea 0%, #764ba2 100%)',
[0m[49m[38;5;10m+     47[0m:[38;5;10m[49m         background: 'linear-gradient(135deg, #87ceeb 0%, #b0e0e6 100%)',
[0m[K
Updating: [38;5;141msrc/components/DigitalAssistant.tsx[0m
[38;5;244m - Completed in 0.0s[0m
[?25l[0m[38;5;141m> [0mуј░тюеТБђТЪЦтЁХС╗ќу╗ёС╗ХТќЄС╗Х№╝џ[0m[0m
[?25l[0m[0mReading file: [38;5;141m/Users/kb/devgenie-data/organizations/default_org/projects/chatbot/generated/admin/src/components/ChatPanel.tsx[0m, all lines[38;5;244m (using tool: read)[0m
[38;5;10m РюЊ [0mSuccessfully read [38;5;244m5416 bytes[0m from /Users/kb/devgenie-data/organizations/default_org/projects/chatbot/generated/admin/src/components/ChatPanel.tsx
[38;5;244m - Completed in 0.0s[0m
[?25l[0m[38;5;141m> [0mChatPanel у╗ёС╗Хти▓у╗ЈСй┐ућеС║єТхЁУЊЮУЅ▓сђѓуј░тюеТБђТЪЦ QuickServices у╗ёС╗Х№╝џ[0m[0m
[?25l[0m[0mReading file: [38;5;141m/Users/kb/devgenie-data/organizations/default_org/projects/chatbot/generated/admin/src/components/QuickServices.tsx[0m, all lines[38;5;244m (using tool: read)[0m
[38;5;10m РюЊ [0mSuccessfully read [38;5;244m1851 bytes[0m from /Users/kb/devgenie-data/organizations/default_org/projects/chatbot/generated/admin/src/components/QuickServices.tsx
[38;5;244m - Completed in 0.0s[0m
[?25l[0m[38;5;141m> [0mQuickServices у╗ёС╗ХС╣Ъти▓у╗ЈСй┐ућеС║єТхЁУЊЮУЅ▓сђѓуј░тюеУ«ЕТѕЉС┐«Тћ╣ CSS ТќЄС╗ХСИГуџёу┤ФУЅ▓№╝џ[0m[0m
[?25l[0m[0mI'll modify the following file: [38;5;141msrc/index.css[0m[38;5;244m (using tool: write)[0m
[48;2;43;48;59m[39m  16, 16[0m:[39m[48;2;43;48;59m [38;2;191;97;106ma[38;2;180;142;173m [38;2;192;197;206m{[K
[0m[48;2;43;48;59m[39m  17, 17[0m:[39m[48;2;43;48;59m [38;2;192;197;206m  [38;2;192;197;206mfont-weight[38;2;192;197;206m:[38;2;192;197;206m [38;2;208;135;112m500[38;2;192;197;206m;[K
[0m[48;2;79;40;40m[39m- 18    [0m:[39m[48;2;36;25;28m [38;2;192;197;206m  [38;2;192;197;206mcolor[38;2;192;197;206m:[38;2;192;197;206m [38;2;150;181;180m#[38;2;150;181;180m646cff[38;2;192;197;206m;[K
[0m[48;2;40;67;43m[39m+     18[0m:[39m[48;2;24;38;30m [38;2;192;197;206m  [38;2;192;197;206mcolor[38;2;192;197;206m:[38;2;192;197;206m [38;2;150;181;180m#[38;2;150;181;180m87ceeb[38;2;192;197;206m;[K
[0m[48;2;43;48;59m[39m  19, 19[0m:[39m[48;2;43;48;59m [38;2;192;197;206m  [38;2;192;197;206mtext-decoration[38;2;192;197;206m:[38;2;192;197;206m [38;2;192;197;206minherit[38;2;192;197;206m;[K
[0m[48;2;43;48;59m[39m  20, 20[0m:[39m[48;2;43;48;59m [38;2;192;197;206m}[K
[0m[48;2;43;48;59m[39m  21, 21[0m:[39m[48;2;43;48;59m [38;2;191;97;106ma[38;2;143;161;179m:[38;2;180;142;173mhover[38;2;180;142;173m [38;2;192;197;206m{[K
[0m[48;2;79;40;40m[39m- 22    [0m:[39m[48;2;36;25;28m [38;2;192;197;206m  [38;2;192;197;206mcolor[38;2;192;197;206m:[38;2;192;197;206m [38;2;150;181;180m#[38;2;150;181;180m535bf2[38;2;192;197;206m;[K
[0m[48;2;40;67;43m[39m+     22[0m:[39m[48;2;24;38;30m [38;2;192;197;206m  [38;2;192;197;206mcolor[38;2;192;197;206m:[38;2;192;197;206m [38;2;150;181;180m#[38;2;150;181;180m5f9ea0[38;2;192;197;206m;[K
[0m[48;2;43;48;59m[39m  23, 23[0m:[39m[48;2;43;48;59m [38;2;192;197;206m}[K
[0m[K
Updating: [38;5;141msrc/index.css[0m
[38;5;244m - Completed in 0.1s[0m
[?25l[0m[?25l[0m[0mI'll modify the following file: [38;5;141msrc/index.css[0m[38;5;244m (using tool: write)[0m
[48;2;43;48;59m[39m  50, 50[0m:[39m[48;2;43;48;59m [38;2;191;97;106mbutton[38;2;143;161;179m:[38;2;180;142;173mhover[38;2;180;142;173m [38;2;192;197;206m{[K
[0m[48;2;79;40;40m[39m- 51    [0m:[39m[48;2;36;25;28m [38;2;192;197;206m  [38;2;192;197;206mborder-color[38;2;192;197;206m:[38;2;192;197;206m [38;2;150;181;180m#[38;2;150;181;180m646cff[38;2;192;197;206m;[K
[0m[48;2;40;67;43m[39m+     51[0m:[39m[48;2;24;38;30m [38;2;192;197;206m  [38;2;192;197;206mborder-color[38;2;192;197;206m:[38;2;192;197;206m [38;2;150;181;180m#[38;2;150;181;180m87ceeb[38;2;192;197;206m;[K
[0m[48;2;43;48;59m[39m  52, 52[0m:[39m[48;2;43;48;59m [38;2;192;197;206m}[K
[0m[K
Updating: [38;5;141msrc/index.css[0m
[38;5;244m - Completed in 0.1s[0m
[?25l[0m[?25l[0m[0mI'll modify the following file: [38;5;141msrc/index.css[0m[38;5;244m (using tool: write)[0m
[48;2;43;48;59m[39m  63, 63[0m:[39m[48;2;43;48;59m [38;2;180;142;173m  [38;2;191;97;106ma[38;2;143;161;179m:[38;2;180;142;173mhover[38;2;180;142;173m [38;2;192;197;206m{[K
[0m[48;2;79;40;40m[39m- 64    [0m:[39m[48;2;36;25;28m [38;2;192;197;206m    [38;2;192;197;206mcolor[38;2;192;197;206m:[38;2;192;197;206m [38;2;150;181;180m#[38;2;150;181;180m747bff[38;2;192;197;206m;[K
[0m[48;2;40;67;43m[39m+     64[0m:[39m[48;2;24;38;30m [38;2;192;197;206m    [38;2;192;197;206mcolor[38;2;192;197;206m:[38;2;192;197;206m [38;2;150;181;180m#[38;2;150;181;180m5f9ea0[38;2;192;197;206m;[K
[0m[48;2;43;48;59m[39m  65, 65[0m:[39m[48;2;43;48;59m [38;2;192;197;206m  [38;2;192;197;206m}[K
[0m[K
Updating: [38;5;141msrc/index.css[0m
[38;5;244m - Completed in 0.1s[0m
[?25l[0m[38;5;141m> [0mуј░тюеС┐«Тћ╣ App.css СИГуџёу┤ФУЅ▓№╝џ[0m[0m
[?25l[0m[0mI'll modify the following file: [38;5;141msrc/App.css[0m[38;5;244m (using tool: write)[0m
[48;2;43;48;59m[39m  18, 18[0m:[39m[48;2;43;48;59m [38;2;143;161;179m.[38;2;208;135;112mlogo[38;2;143;161;179m:[38;2;180;142;173mhover[38;2;180;142;173m [38;2;192;197;206m{[K
[0m[48;2;79;40;40m[39m- 19    [0m:[39m[48;2;36;25;28m [38;2;192;197;206m  [38;2;192;197;206mfilter[38;2;192;197;206m:[38;2;192;197;206m [38;2;150;181;180mdrop-shadow[38;2;192;197;206m([38;2;208;135;112m0[38;2;192;197;206m [38;2;208;135;112m0[38;2;192;197;206m [38;2;208;135;112m2[38;2;208;135;112mem[38;2;192;197;206m [38;2;150;181;180m#[38;2;150;181;180m646cffaa[38;2;192;197;206m)[38;2;192;197;206m;[K
[0m[48;2;40;67;43m[39m+     19[0m:[39m[48;2;24;38;30m [38;2;192;197;206m  [38;2;192;197;206mfilter[38;2;192;197;206m:[38;2;192;197;206m [38;2;150;181;180mdrop-shadow[38;2;192;197;206m([38;2;208;135;112m0[38;2;192;197;206m [38;2;208;135;112m0[38;2;192;197;206m [38;2;208;135;112m2[38;2;208;135;112mem[38;2;192;197;206m [38;2;150;181;180m#[38;2;150;181;180m87ceebaa[38;2;192;197;206m)[38;2;192;197;206m;[K
[0m[48;2;43;48;59m[39m  20, 20[0m:[39m[48;2;43;48;59m [38;2;192;197;206m}[K
[0m[K
Updating: [38;5;141msrc/App.css[0m
[38;5;244m - Completed in 0.0s[0m
[?25l[0m[38;5;141m> [0mуј░тюеУ┐ЏУАїу╝ќУ»ЉжфїУ»Ђ№╝џ[0m[0m
[?25l[0m[0mI will run the following command: [38;5;141mcd /Users/kb/devgenie-data/organizations/default_org/projects/chatbot/generated/admin && npx tsc --noEmit 2>&1 | head -30[0m[38;5;244m (using tool: shell)[0m
Purpose: TypeScript у▒╗тъІТБђТЪЦ
[38;5;244m - Completed in 0.461s[0m
[?25l[0m[38;5;141m> [0mУ┐ЏУАї ESLint ТБђТЪЦ№╝џ[0m[0m
[?25l[0m[0mI will run the following command: [38;5;141mcd /Users/kb/devgenie-data/organizations/default_org/projects/chatbot/generated/admin && pnpm run lint 2>&1 | head -20[0m[38;5;244m (using tool: shell)[0m
Purpose: ESLint С╗БуаЂУДёУїЃТБђТЪЦ
> vite-react-typescript-starter@0.0.0 lint /Users/kb/devgenie-data/organizations/default_org/projects/chatbot/generated/admin
> eslint .
[38;5;244m - Completed in 1.793s[0m
[?25l[0m[38;5;141m> [0mжфїУ»ЂС┐«Тћ╣уџёТќЄС╗ХтГўтюе№╝џ[0m[0m
[?25l[0m[0mI will run the following command: [38;5;141mls -la /Users/kb/devgenie-data/organizations/default_org/projects/chatbot/generated/admin/src/components/DigitalAssistant.tsx /Users/kb/devgenie-data/organizations/default_org/projects/chatbot/generated/admin/src/index.css /Users/kb/devgenie-data/organizations/default_org/projects/chatbot/generated/admin/src/App.css[0m[38;5;244m (using tool: shell)[0m
Purpose: жфїУ»ЂТќЄС╗ХтГўтюе
-rw-r--r--@ 1 kb  staff   684  1Тюѕ  1 21:58 /Users/kb/devgenie-data/organizations/default_org/projects/chatbot/generated/admin/src/App.css
-rw-r--r--@ 1 kb  staff  3979  1Тюѕ  1 21:57 /Users/kb/devgenie-data/organizations/default_org/projects/chatbot/generated/admin/src/components/DigitalAssistant.tsx
-rw-r--r--@ 1 kb  staff  1181  1Тюѕ  1 21:58 /Users/kb/devgenie-data/organizations/default_org/projects/chatbot/generated/admin/src/index.css
[38;5;244m - Completed in 0.20s[0m
[?25l[0m[38;5;141m> [0mТЏ┤Тќ░уЪЦУ»єу┤бт╝Ћ№╝џ[0m[0m
[?25l[0m[0mUpdating knowledge base context with ID: [38;5;10m9f514dd1-287f-4382-811c-8c0e0136c2c3[0m using new directory: [38;5;10m/Users/kb/devgenie-data/organizations/default_org/projects/chatbot/generated/admin[0m[38;5;244m (using tool: knowledge)[0m[38;5;244m - Completed in 0.7s[0m
[?25l[0m[38;5;141m> [0m[38;5;244mРћѓ ## т┐ФжђЪт╝ђтЈЉт«їТѕљ[0m[0m
[0m[0m
[38;5;252m[1m### С┐«Тћ╣тєЁт«╣[0m[0m
- С┐«Тћ╣ [38;5;10msrc/components/DigitalAssistant.tsx[0m - т░єу┤ФУЅ▓ТИљтЈўУЃїТЎ» [38;5;10m#667eea[0m тњї [38;5;10m#764ba2[0m Тћ╣СИ║ТхЁУЊЮУЅ▓ТИљтЈў [38;5;10m#87ceeb[0m тњї [38;5;10m#b0e0e6[0m[0m[0m
- С┐«Тћ╣ [38;5;10msrc/index.css[0m - т░єжЊЙТјЦжбюУЅ▓С╗ју┤ФУЅ▓ [38;5;10m#646cff[0m тњї [38;5;10m#535bf2[0m Тћ╣СИ║ТхЁУЊЮУЅ▓ [38;5;10m#87ceeb[0m тњї [38;5;10m#5f9ea0[0m№╝їТїЅжњ«ТѓгтЂюУЙ╣ТАєУЅ▓С╣ЪТћ╣СИ║ТхЁУЊЮУЅ▓[0m[0m
- С┐«Тћ╣ [38;5;10msrc/App.css[0m - т░є logo ТѓгтЂюжў┤тй▒жбюУЅ▓С╗ју┤ФУЅ▓ [38;5;10m#646cffaa[0m Тћ╣СИ║ТхЁУЊЮУЅ▓ [38;5;10m#87ceebaa[0m[0m[0m
[0m[0m
[38;5;252m[1m### жфїУ»Ђ[0m[0m
РюЁ TypeScript у╝ќУ»ЉжђџУ┐Є[0m[0m
РюЁ ESLint С╗БуаЂУДёУїЃТБђТЪЦжђџУ┐Є[0m[0m
РюЁ ТЅђТюЅС┐«Тћ╣ТќЄС╗ХтГўтюеСИћти▓ТЏ┤Тќ░[0m[0m
[0m[0m
[38;5;252m[1m### т«їТѕљ[0m[0m
ти▓ТѕљтіЪт░єжАхжЮбСИГТЅђТюЅу┤ФУЅ▓тЁЃу┤аТћ╣СИ║ТхЁУЊЮУЅ▓№╝їтїЁТІгТЋ░тГЌтіЕТЅІтЇАуЅЄуџёТИљтЈўУЃїТЎ»сђЂжЊЙТјЦжбюУЅ▓сђЂТїЅжњ«ТѓгтЂюТЋѕТъютњї logo жў┤тй▒ТЋѕТъюсђѓжА╣уЏ«СИГуџётЁХС╗ќу╗ёС╗Х№╝ѕApp.tsxсђЂMainLayout.tsxсђЂChatPanel.tsxсђЂQuickServices.tsx№╝Ѕти▓у╗ЈтюеСй┐ућеТхЁУЊЮУЅ▓СИ╗жбўУЅ▓ [38;5;10m#87ceeb[0mсђѓ[0m[0m[38;5;8m
РќИ Time: 1m 54s
[0m[1G[0m[0m[?25h

==================================================
ТЅДУАїт«їТѕљ: 2026-01-01 21:58:53
