=== т┐ФжђЪТеАт╝ЈТЅДУАїТЌЦт┐Ќ ===
ТЅДУАїТЌХжЌ┤: 2026-01-01 18:12:32
жА╣уЏ«у▒╗тъІ: УђЂжА╣уЏ«
тиЦСйюуЏ«тйЋ: /Users/kb/devgenie-data/organizations/default_org/projects/XPeng-Iron/generated/admin

ућеТѕижюђТ▒ѓ:
т»╣У»ЮтєЁжЃеТќЄтГЌТћ╣СИ║у║бУЅ▓

==================================================
ТЅДУАїТЌЦт┐Ќ:
==================================================

[38;5;141mРађРађРађРађРађРађРађ
РађРађРађРађРађРађРађ     РбђРБ┤РБХРБХРБдРАђРађРађРађРбђРБ┤РБХРБдРБёРАђРађРађРбђРБ┤РБХРБХРБдРАђРађРађРбђРБ┤РБХРБХРБХРБХРБХРБХРБХРБХРБХРБдРБёРАђРађРађРађРађРађРађРбђРБаРБ┤РБХРБХРБХРБХРБХРБдРБёРАђРађРађРађРађРађРађРађРађРађ
РађРађРађРађРађРађРађ    Рб░РБ┐РаІРаЂРаѕРаЎРБ┐РАєРађРбђРБЙРА┐РаЂРађРаѕРб╗РАєРб░РБ┐РаІРаЂРаѕРаЎРБ┐РАєРб░РБ┐РаІРаЂРађРађРађРађРађРађРађРађРаѕРаЎРа╗РБдРађРађРађРађРБ┤РА┐РаЪРаІРаЂРађРађРађРаѕРаЎРа╗Рб┐РБдРађРађРађРађРађРађРађ
РађРађРађРађРађРађРађ    РбИРБ┐РађРађРађРађРБ┐РБЄРБ┤РА┐РаІРађРађРађРбђРБ╝РаЄРбИРБ┐РађРађРађРађРБ┐РАЄРбИРБ┐РађРађРађРбаРБцРБцРБцРБцРБёРађРађРађРађРБ┐РАєРађРађРБ╝РАЪРађРађРађРађРБђРБђРБђРађРађРађРађРб╗РБДРађРађРађРађРађ
РађРађРађРађРађРађРађ    РбИРБ┐РађРађРађРађРБ┐РА┐РаІРађРађРађРбђРБЙРА┐РаЂРађРбИРБ┐РађРађРађРађРБ┐РАЄРбИРБ┐РађРађРађРбИРБ┐РаЅРаЅРаЅРБ┐РАЄРађРађРађРБ┐РАЄРађРБ╝РАЪРађРађРађРБ░РА┐РаЪРаЏРа╗Рб┐РБєРађРађРађРб╗РБДРађРађРађРађ
РађРађРађРађРађРађРађ    РбИРБ┐РађРађРађРађРаЎРаЂРађРађРбђРБ╝РАЪРаЂРађРађРађРбИРБ┐РађРађРађРађРБ┐РАЄРбИРБ┐РађРађРађРбИРБ┐РБХРБХРАХРаІРађРађРађРађРБ┐РаЄРб░РБ┐РађРађРађРб░РБ┐РађРађРађРађРађРБ┐РАєРађРађРађРБ┐РАє
РађРађРађРађРађРађРађ    РбИРБ┐РађРађРађРађРађРађРађРађРа╣РБиРАђРађРађРађРађРбИРБ┐РађРађРађРађРБ┐РАЄРбИРБ┐РађРађРађРађРађРађРађРађРађРађРађРБаРБ╝РаЪРађРбИРБ┐РађРађРађРбИРБ┐РађРађРађРађРађРБ┐РАЄРађРађРађРБ┐РАЄ
РађРађРађРађРађРађРађ    РбИРБ┐РађРађРађРађРађРБаРАђРађРађРа╣РБиРАёРађРађРађРбИРБ┐РађРађРађРађРБ┐РАЄРбИРБ┐РађРађРађРађРБцРБёРађРађРађРађРа╣РБ┐РАЁРађРађРаИРБ┐РађРађРађРаИРБ┐РађРађРађРађРађРБ┐РаЄРађРађРађРБ┐РаЄ
РађРађРађРађРађРађРађ    РбИРБ┐РађРађРађРађРБЙРАЪРБиРАђРађРађРаўРБ┐РБєРађРађРбИРБ┐РађРађРађРађРБ┐РАЄРбИРБ┐РађРађРађРађРБ┐РАЪРБиРАђРађРађРађРаўРБ┐РБєРађРађРб╗РБДРађРађРађРа╣РБиРБдРБцРБцРБЙРаЈРађРађРађРБ╝РАЪ
РађРађРађРађРађРађРађ    РбИРБ┐РађРађРађРађРБ┐РАЄРа╣РБиРАђРађРађРаѕРб╗РАЄРађРбИРБ┐РађРађРађРађРБ┐РАЄРбИРБ┐РађРађРађРађРБ┐РАЄРа╣РБиРАђРађРађРађРаѕРб╗РАЄРађРађРб╗РБДРађРађРађРађРаЅРаЅРаЅРађРађРађРађРБ╝РАЪ
РађРађРађРађРађРађРађ    РаИРБ┐РБёРАђРбђРБаРБ┐РаЄРађРаЎРБиРАђРађРбђРБ╝РаЄРађРаИРБ┐РБёРАђРбђРБаРБ┐РаЄРаИРБ┐РБёРАђРбђРБаРБ┐РаЄРађРаЎРБиРАђРађРађРбђРБ╝РаЄРађРађРађРа╗РБиРБдРБёРАђРађРађРађРбђРБаРБ┤РБЙРаЪ
РађРађРађРађРађРађРађ    РађРаѕРа╗Ра┐Ра┐РаЪРаЂРађРађРађРаѕРа╗Ра┐Ра┐РаЪРаЂРађРађРаѕРа╗Ра┐Ра┐РаЪРаЂРађРађРаѕРа╗Ра┐Ра┐РаЪРаЂРађРађРађРаѕРа╗Ра┐Ра┐РаЪРаЂРађРађРађРађРађРаѕРаЎРа╗Ра┐Ра┐Ра┐Ра┐РаЪРаІРаЂ[0m
[2K[1G[38;5;244mРЋГРћђРћђРћђРћђРћђРћђРћђРћђРћђРћђРћђРћђРћђРћђРћђРћђРћђРћђРћђРћђРћђРћђРћђРћђРћђРћђРћђРћђРћђРћђРћђ[39m Did you know? [38;5;244mРћђРћђРћђРћђРћђРћђРћђРћђРћђРћђРћђРћђРћђРћђРћђРћђРћђРћђРћђРћђРћђРћђРћђРћђРћђРћђРћђРћђРћђРћђРћђРћђРЋ«[39m
[38;5;244mРћѓ                                                                              Рћѓ
[39m[38;5;244mРћѓ[39m           You can use [38;5;141m/editor[0m to edit your prompt with a vim-like            [38;5;244mРћѓ[39m
[38;5;244mРћѓ[39m                                  experience                                  [38;5;244mРћѓ[39m
[38;5;244mРћѓ                                                                              Рћѓ
[39m[38;5;244mРЋ░РћђРћђРћђРћђРћђРћђРћђРћђРћђРћђРћђРћђРћђРћђРћђРћђРћђРћђРћђРћђРћђРћђРћђРћђРћђРћђРћђРћђРћђРћђРћђРћђРћђРћђРћђРћђРћђРћђРћђРћђРћђРћђРћђРћђРћђРћђРћђРћђРћђРћђРћђРћђРћђРћђРћђРћђРћђРћђРћђРћђРћђРћђРћђРћђРћђРћђРћђРћђРћђРћђРћђРћђРћђРћђРћђРћђРћђРћђРЋ»[39m
[38;5;244mModel: [0mAuto[38;5;244m ([0m[38;5;141m/model[0m[38;5;244m to change)
[0m
[0m[32mAll tools are now trusted ([0m[31m![0m[32m). Kiro will execute tools without asking for confirmation.[0m
Agents can sometimes do unexpected things so understand the risks.
Learn more at [38;5;141mhttps://kiro.dev/docs/cli/chat/security/#using-tools-trust-all-safely[0m
[38;5;252m[0m[?25l[38;5;141m> [0mТѕЉТЮЦт┐ФжђЪт«їТѕљУ┐ЎСИфС╗╗тіАсђѓждќтЁѕУ»╗тЈќжЁЇуй«С┐АТЂ»№╝їуёХтљјтѕєТъљжА╣уЏ«у╗ЊТъёТЅЙтѕ░т»╣У»ЮуЏИтЁ│уџёТќЄС╗Хсђѓ[0m[0m
[?25l[0m[0mReading file: [38;5;141m/Users/kb/devgenie-data/organizations/default_org/projects/XPeng-Iron/generated/admin/.kiro/steering/context.md[0m, all lines[38;5;244m (using tool: read)[0m
[38;5;10m РюЊ [0mSuccessfully read [38;5;244m2019 bytes[0m from /Users/kb/devgenie-data/organizations/default_org/projects/XPeng-Iron/generated/admin/.kiro/steering/context.md
[38;5;244m - Completed in 0.0s[0m
[?25l[0m[38;5;141m> [0mуј░тюеТѕЉС║єУДБС║єжА╣уЏ«жЁЇуй«сђѓТјЦСИІТЮЦтѕєТъљжА╣уЏ«у╗ЊТъё№╝їт»╗ТЅЙт»╣У»ЮуЏИтЁ│уџёу╗ёС╗Хсђѓ[0m[0m
[?25l[0m[0mSearching for files: [38;5;141msrc/**/*.{tsx,ts,jsx,js}[0m[38;5;244m (using tool: glob)[0m
[38;5;10m РюЊ [0mSuccessfully found [38;5;244m10 files[0m under current directory
[38;5;244m - Completed in 0.2s[0m
[?25l[0m[38;5;141m> [0mТѕЉуюІтѕ░ТюЅ [38;5;10mChatPanel.tsx[0m тњїуЏИтЁ│уџёУЂітцЕу╗ёС╗ХсђѓУ«ЕТѕЉТБђТЪЦУ┐ЎС║ЏТќЄС╗ХТЮЦТЅЙтѕ░т»╣У»ЮТќЄтГЌуџёСйЇуй«сђѓ[0m[0m
[?25l[0m[0mReading file: [38;5;141m/Users/kb/devgenie-data/organizations/default_org/projects/XPeng-Iron/generated/admin/src/components/ChatPanel.tsx[0m, all lines[38;5;244m (using tool: read)[0m
[38;5;10m РюЊ [0mSuccessfully read [38;5;244m4759 bytes[0m from /Users/kb/devgenie-data/organizations/default_org/projects/XPeng-Iron/generated/admin/src/components/ChatPanel.tsx
[38;5;244m - Completed in 0.0s[0m
[?25l[0m[38;5;141m> [0mТЅЙтѕ░С║є№╝Ђтюе [38;5;10mChatPanel.tsx[0m СИГ№╝їт»╣У»ЮтєЁт«╣ТўЙуц║тюеТХѕТЂ»Т░ћТ│АСИГсђѓТѕЉжюђУдЂт░єТХѕТЂ»тєЁт«╣уџёТќЄтГЌжбюУЅ▓Тћ╣СИ║у║бУЅ▓сђѓуЏ«тЅЇТХѕТЂ»тєЁт«╣тюеУ┐ЎСИф div СИГ№╝џ[0m[0m
[0m[0m
[1mjsx
[0m[38;5;10m<div style={{ whiteSpace: 'pre-wrap', fontWeight: 'bold' }}>
{message.content}
</div>
[0m[0m[0m
[0m[0m
ТѕЉжюђУдЂТи╗тіа [38;5;10mcolor: 'red'[0m тѕ░У┐ЎСИфТаит╝ЈСИГсђѓ[0m[0m
[?25l[0m[0mI'll modify the following file: [38;5;141msrc/components/ChatPanel.tsx[0m[38;5;244m (using tool: write)[0m
Purpose: т░єт»╣У»ЮтєЁт«╣ТќЄтГЌжбюУЅ▓Тћ╣СИ║у║бУЅ▓
[49m[38;5;9m-  98     [0m:[38;5;9m[49m                   <div style={{ whiteSpace: 'pre-wrap', fontWeight: 'bold' }}>
[0m[49m[38;5;10m+       98[0m:[38;5;10m[49m                   <div style={{ whiteSpace: 'pre-wrap', fontWeight: 'bold', color: 'red' }}>
[0m[49m[39m   99,  99[0m:[39m[49m                     {message.content}
[0m[49m[39m  100, 100[0m:[39m[49m                   </div>
[0m[K
Updating: [38;5;141msrc/components/ChatPanel.tsx[0m
[38;5;244m - Completed in 0.1s[0m
[?25l[0m[38;5;141m> [0mуј░тюежфїУ»ЂС┐«Тћ╣Тў»тљдТѕљтіЪ№╝їт╣ХУ┐ЏУАїу╝ќУ»ЉТБђТЪЦ№╝џ[0m[0m
[?25l[0m[0mI will run the following command: [38;5;141mcd /Users/kb/devgenie-data/organizations/default_org/projects/XPeng-Iron/generated/admin && ls -la src/components/ChatPanel.tsx[0m[38;5;244m (using tool: shell)[0m
Purpose: жфїУ»ЂТќЄС╗ХтГўтюе
-rw-r--r--@ 1 kb  staff  4774  1Тюѕ  1 18:12 src/components/ChatPanel.tsx
[38;5;244m - Completed in 0.27s[0m
[?25l[0m[?25l[0m[0mI will run the following command: [38;5;141mcd /Users/kb/devgenie-data/organizations/default_org/projects/XPeng-Iron/generated/admin && if [ -f "tsconfig.json" ]; then
if command -v pnpm &> /dev/null; then
pnpm run tsc 2>&1 | head -30 || npx tsc --noEmit 2>&1 | head -30
else
npx tsc --noEmit 2>&1 | head -30
fi
fi[0m[38;5;244m (using tool: shell)[0m
Purpose: TypeScript у▒╗тъІТБђТЪЦ
ERR_PNPM_NO_SCRIPTРђЅ Missing script: tsc
Command "tsc" not found.
[38;5;244m - Completed in 0.289s[0m
[?25l[0m[?25l[0m[0mI will run the following command: [38;5;141mcd /Users/kb/devgenie-data/organizations/default_org/projects/XPeng-Iron/generated/admin && npx tsc --noEmit 2>&1 | head -30[0m[38;5;244m (using tool: shell)[0m
Purpose: уЏ┤ТјЦУ┐љУАї TypeScript у╝ќУ»ЉТБђТЪЦ
[38;5;244m - Completed in 0.539s[0m
[?25l[0m[?25l[0m[0mI will run the following command: [38;5;141mcd /Users/kb/devgenie-data/organizations/default_org/projects/XPeng-Iron/generated/admin && if [ -f ".eslintrc.js" ] || [ -f ".eslintrc.json" ] || [ -f "eslint.config.js" ]; then
if command -v pnpm &> /dev/null; then
pnpm run lint:js 2>&1 | head -20 || npx eslint src --ext .ts,.tsx,.js,.jsx 2>&1 | head -20
else
npx eslint src --ext .ts,.tsx,.js,.jsx 2>&1 | head -20
fi
fi[0m[38;5;244m (using tool: shell)[0m
Purpose: ESLint С╗БуаЂУДёУїЃТБђТЪЦ
ERR_PNPM_NO_SCRIPTРђЅ Missing script: lint:js
Command "lint:js" not found. Did you mean "pnpm run lint"?
[38;5;244m - Completed in 0.291s[0m
[?25l[0m[?25l[0m[0mI will run the following command: [38;5;141mcd /Users/kb/devgenie-data/organizations/default_org/projects/XPeng-Iron/generated/admin && pnpm run lint 2>&1 | head -20[0m[38;5;244m (using tool: shell)[0m
Purpose: У┐љУАї ESLint ТБђТЪЦ
> vite-react-typescript-starter@0.0.0 lint /Users/kb/devgenie-data/organizations/default_org/projects/XPeng-Iron/generated/admin
> eslint .
/Users/kb/devgenie-data/organizations/default_org/projects/XPeng-Iron/generated/admin/src/components/MainLayout.tsx
19:7  error  Error: Calling setState synchronously within an effect can trigger cascading renders
Effects are intended to synchronize state between React and external systems such as manually updating the DOM, state management libraries, or other platform APIs. In general, the body of an effect should do one or both of the following:
* Update external systems with the latest state from React.
* Subscribe for updates from some external system, calling setState in a callback function when external state changes.
Calling setState synchronously within an effect body causes cascading renders that can hurt performance, and is not recommended. (https://react.dev/learn/you-might-not-need-an-effect).
/Users/kb/devgenie-data/organizations/default_org/projects/XPeng-Iron/generated/admin/src/components/MainLayout.tsx:19:7
17 |   useEffect(() => {
18 |     if (loading) {
> 19 |       setAssistantStatus('listening');
|       ^^^^^^^^^^^^^^^^^^ Avoid calling setState() directly within an effect
20 |
[38;5;244m - Completed in 1.752s[0m
[?25l[0m[38;5;141m> [0mESLint ТБђТЪЦтЈЉуј░С║єСИђС║ЏтЁХС╗ќТќЄС╗ХуџёжЌ«жбў№╝їСйєУ┐ЎС║ЏСИЇТў»ТѕЉС┐«Тћ╣т╝ЋУхиуџёсђѓТѕЉуџёС┐«Тћ╣№╝ѕТи╗тіау║бУЅ▓ТќЄтГЌ№╝ЅТ▓АТюЅт╝ЋУхиТќ░уџёжћЎУ»»сђѓуј░тюеТЏ┤Тќ░уЪЦУ»єу┤бт╝Ћ№╝џ[0m[0m
[?25l[0m[0mShowing all knowledge base entries and background operations[38;5;244m (using tool: knowledge)[0m[38;5;244m - Completed in 0.0s[0m
[?25l[0m[?25l[0m[0mUpdating knowledge base context with ID: [38;5;10mceb007fe-ec79-45d5-891e-95682aef080f[0m using new directory: [38;5;10m/Users/kb/devgenie-data/organizations/default_org/projects/XPeng-Iron/generated/admin[0m[38;5;244m (using tool: knowledge)[0m[38;5;244m - Completed in 0.4s[0m
[?25l[0m[38;5;141m> [0m[38;5;252m[1m## т┐ФжђЪт╝ђтЈЉт«їТѕљ[0m[0m
[0m[0m
[38;5;252m[1m### С┐«Тћ╣тєЁт«╣[0m[0m
- С┐«Тћ╣ [38;5;10msrc/components/ChatPanel.tsx[0m - т░єт»╣У»ЮтєЁт«╣ТќЄтГЌжбюУЅ▓Тћ╣СИ║у║бУЅ▓[0m[0m
[0m[0m
[38;5;252m[1m### жфїУ»Ђ[0m[0m
РюЁ у╝ќУ»ЉжђџУ┐Є[0m[0m
РюЁ ТќЄС╗ХС┐«Тћ╣ТѕљтіЪ[0m[0m
РюЁ уЪЦУ»єу┤бт╝Ћти▓ТЏ┤Тќ░[0m[0m
[0m[0m
[38;5;252m[1m### т«їТѕљ[0m[0m
ти▓ТѕљтіЪт░єУЂітцЕжЮбТЮ┐СИГуџёт»╣У»ЮтєЁт«╣ТќЄтГЌжбюУЅ▓Тћ╣СИ║у║бУЅ▓сђѓС┐«Тћ╣СйЇуй«тюе [38;5;10mChatPanel.tsx[0m уџёТХѕТЂ»тєЁт«╣ТўЙуц║тї║тЪЪ№╝їжђџУ┐Єтюе style т▒ъТђДСИГТи╗тіа [38;5;10mcolor: 'red'[0m т«ъуј░сђѓУ┐ЎСИфС┐«Тћ╣Тў»Тюђт░Јтїќуџё№╝їтЈфтй▒тЊЇт»╣У»ЮТќЄтГЌуџёТўЙуц║жбюУЅ▓№╝їСИЇС╝џтй▒тЊЇтЁХС╗ќтіЪУЃйсђѓ[0m[0m[38;5;8m
РќИ Time: 59s
[0m[1G[0m[0m[?25h

==================================================
ТЅДУАїт«їТѕљ: 2026-01-01 18:13:36
