=== т┐ФжђЪТеАт╝ЈТЅДУАїТЌЦт┐Ќ ===
ТЅДУАїТЌХжЌ┤: 2026-01-01 18:07:49
жА╣уЏ«у▒╗тъІ: УђЂжА╣уЏ«
тиЦСйюуЏ«тйЋ: /Users/kb/devgenie-data/organizations/default_org/projects/XPeng-Iron/generated/admin

ућеТѕижюђТ▒ѓ:
т»╣У»ЮтєЁт«╣ТќЄтГЌтіау▓Ќсђѓ

==================================================
ТЅДУАїТЌЦт┐Ќ:
==================================================

[38;5;141mРађРађРађРађРађРађРађ
РађРађРађРађРађРађРађ     РбђРБ┤РБХРБХРБдРАђРађРађРађРбђРБ┤РБХРБдРБёРАђРађРађРбђРБ┤РБХРБХРБдРАђРађРађРбђРБ┤РБХРБХРБХРБХРБХРБХРБХРБХРБХРБдРБёРАђРађРађРађРађРађРађРбђРБаРБ┤РБХРБХРБХРБХРБХРБдРБёРАђРађРађРађРађРађРађРађРађРађ
РађРађРађРађРађРађРађ    Рб░РБ┐РаІРаЂРаѕРаЎРБ┐РАєРађРбђРБЙРА┐РаЂРађРаѕРб╗РАєРб░РБ┐РаІРаЂРаѕРаЎРБ┐РАєРб░РБ┐РаІРаЂРађРађРађРађРађРађРађРађРаѕРаЎРа╗РБдРађРађРађРађРБ┤РА┐РаЪРаІРаЂРађРађРађРаѕРаЎРа╗Рб┐РБдРађРађРађРађРађРађРађ
РађРађРађРађРађРађРађ    РбИРБ┐РађРађРађРађРБ┐РБЄРБ┤РА┐РаІРађРађРађРбђРБ╝РаЄРбИРБ┐РађРађРађРађРБ┐РАЄРбИРБ┐РађРађРађРбаРБцРБцРБцРБцРБёРађРађРађРађРБ┐РАєРађРађРБ╝РАЪРађРађРађРађРБђРБђРБђРађРађРађРађРб╗РБДРађРађРађРађРађ
РађРађРађРађРађРађРађ    РбИРБ┐РађРађРађРађРБ┐РА┐РаІРађРађРађРбђРБЙРА┐РаЂРађРбИРБ┐РађРађРађРађРБ┐РАЄРбИРБ┐РађРађРађРбИРБ┐РаЅРаЅРаЅРБ┐РАЄРађРађРађРБ┐РАЄРађРБ╝РАЪРађРађРађРБ░РА┐РаЪРаЏРа╗Рб┐РБєРађРађРађРб╗РБДРађРађРађРађ
РађРађРађРађРађРађРађ    РбИРБ┐РађРађРађРађРаЎРаЂРађРађРбђРБ╝РАЪРаЂРађРађРађРбИРБ┐РађРађРађРађРБ┐РАЄРбИРБ┐РађРађРађРбИРБ┐РБХРБХРАХРаІРађРађРађРађРБ┐РаЄРб░РБ┐РађРађРађРб░РБ┐РађРађРађРађРађРБ┐РАєРађРађРађРБ┐РАє
РађРађРађРађРађРађРађ    РбИРБ┐РађРађРађРађРађРађРађРађРа╣РБиРАђРађРађРађРађРбИРБ┐РађРађРађРађРБ┐РАЄРбИРБ┐РађРађРађРађРађРађРађРађРађРађРађРБаРБ╝РаЪРађРбИРБ┐РађРађРађРбИРБ┐РађРађРађРађРађРБ┐РАЄРађРађРађРБ┐РАЄ
РађРађРађРађРађРађРађ    РбИРБ┐РађРађРађРађРађРБаРАђРађРађРа╣РБиРАёРађРађРађРбИРБ┐РађРађРађРађРБ┐РАЄРбИРБ┐РађРађРађРађРБцРБёРађРађРађРађРа╣РБ┐РАЁРађРађРаИРБ┐РађРађРађРаИРБ┐РађРађРађРађРађРБ┐РаЄРађРађРађРБ┐РаЄ
РађРађРађРађРађРађРађ    РбИРБ┐РађРађРађРађРБЙРАЪРБиРАђРађРађРаўРБ┐РБєРађРађРбИРБ┐РађРађРађРађРБ┐РАЄРбИРБ┐РађРађРађРађРБ┐РАЪРБиРАђРађРађРађРаўРБ┐РБєРађРађРб╗РБДРађРађРађРа╣РБиРБдРБцРБцРБЙРаЈРађРађРађРБ╝РАЪ
РађРађРађРађРађРађРађ    РбИРБ┐РађРађРађРађРБ┐РАЄРа╣РБиРАђРађРађРаѕРб╗РАЄРађРбИРБ┐РађРађРађРађРБ┐РАЄРбИРБ┐РађРађРађРађРБ┐РАЄРа╣РБиРАђРађРађРађРаѕРб╗РАЄРађРађРб╗РБДРађРађРађРађРаЅРаЅРаЅРађРађРађРађРБ╝РАЪ
РађРађРађРађРађРађРађ    РаИРБ┐РБёРАђРбђРБаРБ┐РаЄРађРаЎРБиРАђРађРбђРБ╝РаЄРађРаИРБ┐РБёРАђРбђРБаРБ┐РаЄРаИРБ┐РБёРАђРбђРБаРБ┐РаЄРађРаЎРБиРАђРађРађРбђРБ╝РаЄРађРађРађРа╗РБиРБдРБёРАђРађРађРађРбђРБаРБ┤РБЙРаЪ
РађРађРађРађРађРађРађ    РађРаѕРа╗Ра┐Ра┐РаЪРаЂРађРађРађРаѕРа╗Ра┐Ра┐РаЪРаЂРађРађРаѕРа╗Ра┐Ра┐РаЪРаЂРађРађРаѕРа╗Ра┐Ра┐РаЪРаЂРађРађРађРаѕРа╗Ра┐Ра┐РаЪРаЂРађРађРађРађРађРаѕРаЎРа╗Ра┐Ра┐Ра┐Ра┐РаЪРаІРаЂ[0m
[2K[1G[38;5;244mРЋГРћђРћђРћђРћђРћђРћђРћђРћђРћђРћђРћђРћђРћђРћђРћђРћђРћђРћђРћђРћђРћђРћђРћђРћђРћђРћђРћђРћђРћђРћђРћђ[39m Did you know? [38;5;244mРћђРћђРћђРћђРћђРћђРћђРћђРћђРћђРћђРћђРћђРћђРћђРћђРћђРћђРћђРћђРћђРћђРћђРћђРћђРћђРћђРћђРћђРћђРћђРћђРЋ«[39m
[38;5;244mРћѓ                                                                              Рћѓ
[39m[38;5;244mРћѓ[39m        You can use [38;5;141m/compact[0m to replace the conversation history with         [38;5;244mРћѓ[39m
[38;5;244mРћѓ[39m                   its summary to free up the context space                   [38;5;244mРћѓ[39m
[38;5;244mРћѓ                                                                              Рћѓ
[39m[38;5;244mРЋ░РћђРћђРћђРћђРћђРћђРћђРћђРћђРћђРћђРћђРћђРћђРћђРћђРћђРћђРћђРћђРћђРћђРћђРћђРћђРћђРћђРћђРћђРћђРћђРћђРћђРћђРћђРћђРћђРћђРћђРћђРћђРћђРћђРћђРћђРћђРћђРћђРћђРћђРћђРћђРћђРћђРћђРћђРћђРћђРћђРћђРћђРћђРћђРћђРћђРћђРћђРћђРћђРћђРћђРћђРћђРћђРћђРћђРћђРћђРЋ»[39m
[38;5;244mModel: [0mAuto[38;5;244m ([0m[38;5;141m/model[0m[38;5;244m to change)
[0m
[0m[32mAll tools are now trusted ([0m[31m![0m[32m). Kiro will execute tools without asking for confirmation.[0m
Agents can sometimes do unexpected things so understand the risks.
Learn more at [38;5;141mhttps://kiro.dev/docs/cli/chat/security/#using-tools-trust-all-safely[0m
[38;5;252m[0m[?25l[38;5;141m> [0mТѕЉТЮЦт┐ФжђЪт«їТѕљУ┐ЎСИфС╗╗тіАсђѓждќтЁѕУ»╗тЈќжЁЇуй«С┐АТЂ»№╝їуёХтљјуљєУДБжА╣уЏ«у╗ЊТъёт╣Хт«ъуј░т»╣У»ЮтєЁт«╣ТќЄтГЌтіау▓ЌтіЪУЃйсђѓ[0m[0m
[?25l[0m[0mReading file: [38;5;141m/Users/kb/devgenie-data/organizations/default_org/projects/XPeng-Iron/generated/admin/.kiro/steering/context.md[0m, all lines[38;5;244m (using tool: read)[0m
[38;5;10m РюЊ [0mSuccessfully read [38;5;244m1664 bytes[0m from /Users/kb/devgenie-data/organizations/default_org/projects/XPeng-Iron/generated/admin/.kiro/steering/context.md
[38;5;244m - Completed in 0.0s[0m
[?25l[0m[38;5;141m> [0mуј░тюеТѕЉС║єУДБС║єжА╣уЏ«жЁЇуй«сђѓТјЦСИІТЮЦтѕєТъљжА╣уЏ«у╗ЊТъё№╝їт»╗ТЅЙт»╣У»ЮуЏИтЁ│уџёу╗ёС╗Хсђѓ[0m[0m
[?25l[0m[0mShowing all knowledge base entries and background operations[38;5;244m (using tool: knowledge)[0m[38;5;244m - Completed in 0.0s[0m
[?25l[0m[38;5;141m> [0mтЙѕтЦй№╝їуЪЦУ»єт║Њти▓тГўтюесђѓуј░тюеТљюу┤бт»╣У»ЮуЏИтЁ│уџёу╗ёС╗Хсђѓ[0m[0m
[?25l[0m[0mSearching knowledge base for: [38;5;141mт»╣У»Ю УЂітцЕ chat message conversation[0m across all contexts[38;5;244m (using tool: knowledge)[0m
[38;5;10m РюЊ [0mFound 5 results for query 'т»╣У»Ю УЂітцЕ chat message conversation'
[38;5;244m - Completed in 0.54s[0m
[?25l[0m[38;5;141m> [0mуюІУхиТЮЦУ┐ЎТў»СИђСИфHRУЂітцЕу│╗у╗ЪуџёжА╣уЏ«сђѓУ«ЕТѕЉТљюу┤бтЁиСйЊуџёт»╣У»Юу╗ёС╗ХТќЄС╗Хсђѓ[0m[0m
[?25l[0m[0mSearching for files: [38;5;141msrc/**/*.tsx[0m[38;5;244m (using tool: glob)[0m
[38;5;10m РюЊ [0mSuccessfully found [38;5;244m6 files[0m under current directory
[38;5;244m - Completed in 0.2s[0m
[?25l[0m[38;5;141m> [0mуј░тюеУ«ЕТѕЉТЪЦуюІУЂітцЕуЏИтЁ│уџёу╗ёС╗Х№╝їуЅ╣тѕФТў»ChatPanelу╗ёС╗Х№╝їУ┐ЎтЙѕтЈ»УЃйтїЁтљФт»╣У»ЮтєЁт«╣сђѓ[0m[0m
[?25l[0m[0mReading file: [38;5;141m/Users/kb/devgenie-data/organizations/default_org/projects/XPeng-Iron/generated/admin/src/components/ChatPanel.tsx[0m, all lines[38;5;244m (using tool: read)[0m
[38;5;10m РюЊ [0mSuccessfully read [38;5;244m4739 bytes[0m from /Users/kb/devgenie-data/organizations/default_org/projects/XPeng-Iron/generated/admin/src/components/ChatPanel.tsx
[38;5;244m - Completed in 0.0s[0m
[?25l[0m[38;5;141m> [0mТЅЙтѕ░С║є№╝ЂУ┐ЎТў»УЂітцЕжЮбТЮ┐у╗ёС╗ХсђѓТѕЉтЈ»С╗ЦуюІтѕ░т»╣У»ЮтєЁт«╣тюеугг85УАїуџё[38;5;10m{message.content}[0mтцёТўЙуц║сђѓуј░тюеТѕЉжюђУдЂт░єУ┐ЎСИфТќЄТюгтєЁт«╣тіау▓ЌсђѓТѕЉтЈфжюђУдЂС┐«Тћ╣У┐ЎСИђУАї№╝їт░єТЎ«жђџТќЄТюгТћ╣СИ║тіау▓ЌТўЙуц║сђѓ[0m[0m
[?25l[0m[0mI'll modify the following file: [38;5;141msrc/components/ChatPanel.tsx[0m[38;5;244m (using tool: write)[0m
Purpose: т░єт»╣У»ЮтєЁт«╣ТќЄтГЌтіау▓Ќ
[49m[38;5;9m-  98     [0m:[38;5;9m[49m                   <div style={{ whiteSpace: 'pre-wrap' }}>
[0m[49m[38;5;10m+       98[0m:[38;5;10m[49m                   <div style={{ whiteSpace: 'pre-wrap', fontWeight: 'bold' }}>
[0m[49m[39m   99,  99[0m:[39m[49m                     {message.content}
[0m[49m[39m  100, 100[0m:[39m[49m                   </div>
[0m[K
Updating: [38;5;141msrc/components/ChatPanel.tsx[0m
[38;5;244m - Completed in 0.1s[0m
[?25l[0m[38;5;141m> [0mуј░тюежфїУ»ЂС┐«Тћ╣Тў»тљдТѕљтіЪ№╝џ[0m[0m
[?25l[0m[0mI will run the following command: [38;5;141mnpx tsc --noEmit 2>&1 | head -20[0m[38;5;244m (using tool: shell)[0m
Purpose: TypeScriptу▒╗тъІТБђТЪЦ
[38;5;244m - Completed in 0.457s[0m
[?25l[0m[38;5;141m> [0mжфїУ»ЂТќЄС╗ХС┐«Тћ╣№╝џ[0m[0m
[?25l[0m[0mReading file: [38;5;141m/Users/kb/devgenie-data/organizations/default_org/projects/XPeng-Iron/generated/admin/src/components/ChatPanel.tsx[0m, from line [38;5;141m83[0m to [38;5;141m89[0m[38;5;244m (using tool: read)[0m
[38;5;10m РюЊ [0mSuccessfully read [38;5;244m270 bytes[0m from /Users/kb/devgenie-data/organizations/default_org/projects/XPeng-Iron/generated/admin/src/components/ChatPanel.tsx
[38;5;244m - Completed in 0.0s[0m
[?25l[0m[38;5;141m> [0mУ«ЕТѕЉТЪЦуюІТЏ┤тцџУАїТЮЦуА«У«цС┐«Тћ╣№╝џ[0m[0m
[?25l[0m[0mReading file: [38;5;141m/Users/kb/devgenie-data/organizations/default_org/projects/XPeng-Iron/generated/admin/src/components/ChatPanel.tsx[0m, from line [38;5;141m85[0m to [38;5;141m95[0m[38;5;244m (using tool: read)[0m
[38;5;10m РюЊ [0mSuccessfully read [38;5;244m426 bytes[0m from /Users/kb/devgenie-data/organizations/default_org/projects/XPeng-Iron/generated/admin/src/components/ChatPanel.tsx
[38;5;244m - Completed in 0.0s[0m
[?25l[0m[?25l[0m[0mReading file: [38;5;141m/Users/kb/devgenie-data/organizations/default_org/projects/XPeng-Iron/generated/admin/src/components/ChatPanel.tsx[0m, from line [38;5;141m95[0m to [38;5;141m105[0m[38;5;244m (using tool: read)[0m
[38;5;10m РюЊ [0mSuccessfully read [38;5;244m396 bytes[0m from /Users/kb/devgenie-data/organizations/default_org/projects/XPeng-Iron/generated/admin/src/components/ChatPanel.tsx
[38;5;244m - Completed in 0.0s[0m
[?25l[0m[38;5;141m> [0mт«їуЙј№╝ЂС┐«Тћ╣ти▓ТѕљтіЪт║ћућесђѓуј░тюеТЏ┤Тќ░уЪЦУ»єт║Њу┤бт╝Ћ№╝џ[0m[0m
[?25l[0m[0mUpdating knowledge base context with ID: [38;5;10m10f36851-4de6-4931-a25e-59cd0ed56b25[0m using new directory: [38;5;10m/Users/kb/devgenie-data/organizations/default_org/projects/XPeng-Iron/generated/admin[0m[38;5;244m (using tool: knowledge)[0m[38;5;244m - Completed in 0.5s[0m
[?25l[0m[38;5;141m> [0m[38;5;252m[1m## т┐ФжђЪт╝ђтЈЉт«їТѕљ[0m[0m
[0m[0m
[38;5;252m[1m### С┐«Тћ╣тєЁт«╣[0m[0m
- С┐«Тћ╣ [38;5;10msrc/components/ChatPanel.tsx[0m - тюет»╣У»ЮтєЁт«╣ТўЙуц║тї║тЪЪТи╗тіа [38;5;10mfontWeight: 'bold'[0m Таит╝Ј№╝їСй┐ТЅђТюЅт»╣У»ЮТХѕТЂ»ТќЄтГЌтіау▓ЌТўЙуц║[0m[0m
[0m[0m
[38;5;252m[1m### жфїУ»Ђ[0m[0m
РюЁ у╝ќУ»ЉжђџУ┐Є[0m[0m
[0m[0m
[38;5;252m[1m### т«їТѕљ[0m[0m
ти▓ТѕљтіЪт░єУЂітцЕжЮбТЮ┐СИГуџёт»╣У»ЮтєЁт«╣ТќЄтГЌУ«Йуй«СИ║тіау▓ЌТўЙуц║сђѓС┐«Тћ╣тЈфТХЅтЈіСИђСИфТаит╝Јт▒ъТђДуџёТи╗тіа№╝їС┐ЮТїЂС║єС╗БуаЂуџёу«ђТ┤ЂТђДтњїтіЪУЃйт«їТЋ┤ТђДсђѓућеТѕитњїAIтіЕТЅІуџёТЅђТюЅт»╣У»ЮТХѕТЂ»уј░тюежЃйС╝џС╗Цтіау▓ЌтГЌСйЊТўЙуц║сђѓ[0m[0m[38;5;8m
РќИ Time: 53s
[0m[1G[0m[0m[?25h

==================================================
ТЅДУАїт«їТѕљ: 2026-01-01 18:08:46
