=== т┐ФжђЪТеАт╝ЈТЅДУАїТЌЦт┐Ќ ===
ТЅДУАїТЌХжЌ┤: 2026-01-02 17:26:16
жА╣уЏ«у▒╗тъІ: УђЂжА╣уЏ«
тиЦСйюуЏ«тйЋ: /Users/kb/devgenie-data/organizations/default_org/projects/chatbot/generated/admin

ућеТѕижюђТ▒ѓ:
тљ»тіежА╣уЏ«

==================================================
ТЅДУАїТЌЦт┐Ќ:
==================================================

[38;5;141mРађРађРађРађРађРађРађ
РађРађРађРађРађРађРађ     РбђРБ┤РБХРБХРБдРАђРађРађРађРбђРБ┤РБХРБдРБёРАђРађРађРбђРБ┤РБХРБХРБдРАђРађРађРбђРБ┤РБХРБХРБХРБХРБХРБХРБХРБХРБХРБдРБёРАђРађРађРађРађРађРађРбђРБаРБ┤РБХРБХРБХРБХРБХРБдРБёРАђРађРађРађРађРађРађРађРађРађ
РађРађРађРађРађРађРађ    Рб░РБ┐РаІРаЂРаѕРаЎРБ┐РАєРађРбђРБЙРА┐РаЂРађРаѕРб╗РАєРб░РБ┐РаІРаЂРаѕРаЎРБ┐РАєРб░РБ┐РаІРаЂРађРађРађРађРађРађРађРађРаѕРаЎРа╗РБдРађРађРађРађРБ┤РА┐РаЪРаІРаЂРађРађРађРаѕРаЎРа╗Рб┐РБдРађРађРађРађРађРађРађ
РађРађРађРађРађРађРађ    РбИРБ┐РађРађРађРађРБ┐РБЄРБ┤РА┐РаІРађРађРађРбђРБ╝РаЄРбИРБ┐РађРађРађРађРБ┐РАЄРбИРБ┐РађРађРађРбаРБцРБцРБцРБцРБёРађРађРађРађРБ┐РАєРађРађРБ╝РАЪРађРађРађРађРБђРБђРБђРађРађРађРађРб╗РБДРађРађРађРађРађ
РађРађРађРађРађРађРађ    РбИРБ┐РађРађРађРађРБ┐РА┐РаІРађРађРађРбђРБЙРА┐РаЂРађРбИРБ┐РађРађРађРађРБ┐РАЄРбИРБ┐РађРађРађРбИРБ┐РаЅРаЅРаЅРБ┐РАЄРађРађРађРБ┐РАЄРађРБ╝РАЪРађРађРађРБ░РА┐РаЪРаЏРа╗Рб┐РБєРађРађРађРб╗РБДРађРађРађРађ
РађРађРађРађРађРађРађ    РбИРБ┐РађРађРађРађРаЎРаЂРађРађРбђРБ╝РАЪРаЂРађРађРађРбИРБ┐РађРађРађРађРБ┐РАЄРбИРБ┐РађРађРађРбИРБ┐РБХРБХРАХРаІРађРађРађРађРБ┐РаЄРб░РБ┐РађРађРађРб░РБ┐РађРађРађРађРађРБ┐РАєРађРађРађРБ┐РАє
РађРађРађРађРађРађРађ    РбИРБ┐РађРађРађРађРађРађРађРађРа╣РБиРАђРађРађРађРађРбИРБ┐РађРађРађРађРБ┐РАЄРбИРБ┐РађРађРађРађРађРађРађРађРађРађРађРБаРБ╝РаЪРађРбИРБ┐РађРађРађРбИРБ┐РађРађРађРађРађРБ┐РАЄРађРађРађРБ┐РАЄ
РађРађРађРађРађРађРађ    РбИРБ┐РађРађРађРађРађРБаРАђРађРађРа╣РБиРАёРађРађРађРбИРБ┐РађРађРађРађРБ┐РАЄРбИРБ┐РађРађРађРађРБцРБёРађРађРађРађРа╣РБ┐РАЁРађРађРаИРБ┐РађРађРађРаИРБ┐РађРађРађРађРађРБ┐РаЄРађРађРађРБ┐РаЄ
РађРађРађРађРађРађРађ    РбИРБ┐РађРађРађРађРБЙРАЪРБиРАђРађРађРаўРБ┐РБєРађРађРбИРБ┐РађРађРађРађРБ┐РАЄРбИРБ┐РађРађРађРађРБ┐РАЪРБиРАђРађРађРађРаўРБ┐РБєРађРађРб╗РБДРађРађРађРа╣РБиРБдРБцРБцРБЙРаЈРађРађРађРБ╝РАЪ
РађРађРађРађРађРађРађ    РбИРБ┐РађРађРађРађРБ┐РАЄРа╣РБиРАђРађРађРаѕРб╗РАЄРађРбИРБ┐РађРађРађРађРБ┐РАЄРбИРБ┐РађРађРађРађРБ┐РАЄРа╣РБиРАђРађРађРађРаѕРб╗РАЄРађРађРб╗РБДРађРађРађРађРаЅРаЅРаЅРађРађРађРађРБ╝РАЪ
РађРађРађРађРађРађРађ    РаИРБ┐РБёРАђРбђРБаРБ┐РаЄРађРаЎРБиРАђРађРбђРБ╝РаЄРађРаИРБ┐РБёРАђРбђРБаРБ┐РаЄРаИРБ┐РБёРАђРбђРБаРБ┐РаЄРађРаЎРБиРАђРађРађРбђРБ╝РаЄРађРађРађРа╗РБиРБдРБёРАђРађРађРађРбђРБаРБ┤РБЙРаЪ
РађРађРађРађРађРађРађ    РађРаѕРа╗Ра┐Ра┐РаЪРаЂРађРађРађРаѕРа╗Ра┐Ра┐РаЪРаЂРађРађРаѕРа╗Ра┐Ра┐РаЪРаЂРађРађРаѕРа╗Ра┐Ра┐РаЪРаЂРађРађРађРаѕРа╗Ра┐Ра┐РаЪРаЂРађРађРађРађРађРаѕРаЎРа╗Ра┐Ра┐Ра┐Ра┐РаЪРаІРаЂ[0m
[2K[1G[38;5;244mРЋГРћђРћђРћђРћђРћђРћђРћђРћђРћђРћђРћђРћђРћђРћђРћђРћђРћђРћђРћђРћђРћђРћђРћђРћђРћђРћђРћђРћђРћђРћђРћђ[39m Did you know? [38;5;244mРћђРћђРћђРћђРћђРћђРћђРћђРћђРћђРћђРћђРћђРћђРћђРћђРћђРћђРћђРћђРћђРћђРћђРћђРћђРћђРћђРћђРћђРћђРћђРћђРЋ«[39m
[38;5;244mРћѓ                                                                              Рћѓ
[39m[38;5;244mРћѓ[39m         Get notified whenever Kiro CLI finishes responding. Just run         [38;5;244mРћѓ[39m
[38;5;244mРћѓ[39m               [38;5;141mkiro-cli settings chat.enableNotifications true[0m                [38;5;244mРћѓ[39m
[38;5;244mРћѓ                                                                              Рћѓ
[39m[38;5;244mРЋ░РћђРћђРћђРћђРћђРћђРћђРћђРћђРћђРћђРћђРћђРћђРћђРћђРћђРћђРћђРћђРћђРћђРћђРћђРћђРћђРћђРћђРћђРћђРћђРћђРћђРћђРћђРћђРћђРћђРћђРћђРћђРћђРћђРћђРћђРћђРћђРћђРћђРћђРћђРћђРћђРћђРћђРћђРћђРћђРћђРћђРћђРћђРћђРћђРћђРћђРћђРћђРћђРћђРћђРћђРћђРћђРћђРћђРћђРћђРЋ»[39m
[38;5;244mModel: [0mAuto[38;5;244m ([0m[38;5;141m/model[0m[38;5;244m to change)
[0m
[0m[32mAll tools are now trusted ([0m[31m![0m[32m). Kiro will execute tools without asking for confirmation.[0m
Agents can sometimes do unexpected things so understand the risks.
Learn more at [38;5;141mhttps://kiro.dev/docs/cli/chat/security/#using-tools-trust-all-safely[0m
[38;5;252m[0m[?25l[38;5;141m> [0mТѕЉТЮЦт┐ФжђЪтљ»тіеУ┐ЎСИфУђЂжА╣уЏ«сђѓждќтЁѕУ»╗тЈќжЁЇуй«С┐АТЂ»сђѓ[0m[0m
[?25l[0m[0mReading file: [38;5;141m/Users/kb/devgenie-data/organizations/default_org/projects/chatbot/generated/admin/.kiro/steering/context.md[0m, all lines[38;5;244m (using tool: read)[0m
[38;5;10m РюЊ [0mSuccessfully read [38;5;244m1989 bytes[0m from /Users/kb/devgenie-data/organizations/default_org/projects/chatbot/generated/admin/.kiro/steering/context.md
[38;5;244m - Completed in 0.0s[0m
[?25l[0m[38;5;141m> [0mуј░тюеТБђТЪЦжА╣уЏ«у╗ЊТъётњїСЙЮУхќ№╝џ[0m[0m
[?25l[0m[0mReading file: [38;5;141m/Users/kb/devgenie-data/organizations/default_org/projects/chatbot/generated/admin/package.json[0m, all lines[38;5;244m (using tool: read)[0m
[38;5;10m РюЊ [0mSuccessfully read [38;5;244m786 bytes[0m from /Users/kb/devgenie-data/organizations/default_org/projects/chatbot/generated/admin/package.json
[38;5;244m - Completed in 0.0s[0m
[?25l[0m[38;5;141m> [0mТБђТЪЦжА╣уЏ«у╗ЊТъё№╝џ[0m[0m
[?25l[0m[0mReading directory: [38;5;141m/Users/kb/devgenie-data/organizations/default_org/projects/chatbot/generated/admin[0m[38;5;244m (using tool: read, max depth: 0, max entries: 1000, excluding: defaults)[0m
[38;5;10m РюЊ [0mSuccessfully read directory [38;5;141m/Users/kb/devgenie-data/organizations/default_org/projects/chatbot/generated/admin[0m [38;5;244m(15 entries)[0m
[38;5;244m - Completed in 0.0s[0m
[?25l[0m[38;5;141m> [0mТБђТЪЦ src уЏ«тйЋу╗ЊТъё№╝џ[0m[0m
[?25l[0m[0mReading directory: [38;5;141m/Users/kb/devgenie-data/organizations/default_org/projects/chatbot/generated/admin/src[0m[38;5;244m (using tool: read, max depth: 0, max entries: 1000, excluding: defaults)[0m
[38;5;10m РюЊ [0mSuccessfully read directory [38;5;141m/Users/kb/devgenie-data/organizations/default_org/projects/chatbot/generated/admin/src[0m [38;5;244m(10 entries)[0m
[38;5;244m - Completed in 0.0s[0m
[?25l[0m[38;5;141m> [0mТБђТЪЦСИ╗УдЂТќЄС╗ХТў»тљдтГўтюе№╝џ[0m[0m
[?25l[0m[0mReading file: [38;5;141m/Users/kb/devgenie-data/organizations/default_org/projects/chatbot/generated/admin/src/main.tsx[0m, all lines[38;5;244m (using tool: read)[0m
[38;5;10m РюЊ [0mSuccessfully read [38;5;244m229 bytes[0m from /Users/kb/devgenie-data/organizations/default_org/projects/chatbot/generated/admin/src/main.tsx
[38;5;244m - Completed in 0.0s[0m
[?25l[0m[?25l[0m[0mReading file: [38;5;141m/Users/kb/devgenie-data/organizations/default_org/projects/chatbot/generated/admin/src/App.tsx[0m, all lines[38;5;244m (using tool: read)[0m
[38;5;10m РюЊ [0mSuccessfully read [38;5;244m454 bytes[0m from /Users/kb/devgenie-data/organizations/default_org/projects/chatbot/generated/admin/src/App.tsx
[38;5;244m - Completed in 0.0s[0m
[?25l[0m[38;5;141m> [0mТБђТЪЦ MainLayout у╗ёС╗Х№╝џ[0m[0m
[?25l[0m[0mReading file: [38;5;141m/Users/kb/devgenie-data/organizations/default_org/projects/chatbot/generated/admin/src/components/MainLayout.tsx[0m, all lines[38;5;244m (using tool: read)[0m
[38;5;10m РюЊ [0mSuccessfully read [38;5;244m4209 bytes[0m from /Users/kb/devgenie-data/organizations/default_org/projects/chatbot/generated/admin/src/components/MainLayout.tsx
[38;5;244m - Completed in 0.0s[0m
[?25l[0m[38;5;141m> [0mТБђТЪЦТў»тљдТюЅ node_modules№╝џ[0m[0m
[?25l[0m[0mI will run the following command: [38;5;141mls -la /Users/kb/devgenie-data/organizations/default_org/projects/chatbot/generated/admin/node_modules 2>/dev/null | head -5[0m[38;5;244m (using tool: shell)[0m
Purpose: ТБђТЪЦ node_modules Тў»тљдтГўтюе
total 48
drwxr-xr-x@  22 kb  staff    704  1Тюѕ  2 17:25 .
drwxr-xr-x@  20 kb  staff    640  1Тюѕ  2 17:25 ..
drwxr-xr-x@   6 kb  staff    192  1Тюѕ  2 17:25 .bin
-rw-r--r--@   1 kb  staff  17659  1Тюѕ  2 17:25 .modules.yaml
[38;5;244m - Completed in 0.30s[0m
[?25l[0m[38;5;141m> [0mСЙЮУхќти▓т«ЅУБЁсђѓуј░тюеУ┐ЏУАї TypeScript у▒╗тъІТБђТЪЦ№╝џ[0m[0m
[?25l[0m[0mI will run the following command: [38;5;141mcd /Users/kb/devgenie-data/organizations/default_org/projects/chatbot/generated/admin && npx tsc --noEmit 2>&1 | head -30[0m[38;5;244m (using tool: shell)[0m
Purpose: TypeScript у▒╗тъІТБђТЪЦ
[38;5;244m - Completed in 0.474s[0m
[?25l[0m[38;5;141m> [0mУ┐ЏУАї ESLint ТБђТЪЦ№╝џ[0m[0m
[?25l[0m[0mI will run the following command: [38;5;141mcd /Users/kb/devgenie-data/organizations/default_org/projects/chatbot/generated/admin && pnpm run lint 2>&1 | head -20[0m[38;5;244m (using tool: shell)[0m
Purpose: ESLint С╗БуаЂУДёУїЃТБђТЪЦ
> vite-react-typescript-starter@0.0.0 lint /Users/kb/devgenie-data/organizations/default_org/projects/chatbot/generated/admin
> eslint .
[38;5;244m - Completed in 1.175s[0m
[?25l[0m[38;5;141m> [0mжфїУ»ЂтЁ│жћ«ТќЄС╗ХтГўтюе№╝џ[0m[0m
[?25l[0m[0mI will run the following command: [38;5;141mcd /Users/kb/devgenie-data/organizations/default_org/projects/chatbot/generated/admin && ls -la package.json vite.config.ts src/main.tsx src/App.tsx 2>/dev/null[0m[38;5;244m (using tool: shell)[0m
Purpose: жфїУ»ЂтЁ│жћ«ТќЄС╗ХтГўтюе
-rw-r--r--@ 1 kb  staff  787  1Тюѕ  2 17:24 package.json
-rw-r--r--@ 1 kb  staff  455  1Тюѕ  2 17:24 src/App.tsx
-rw-r--r--@ 1 kb  staff  230  1Тюѕ  2 17:24 src/main.tsx
-rw-r--r--@ 1 kb  staff  161  1Тюѕ  2 17:24 vite.config.ts
[38;5;244m - Completed in 0.29s[0m
[?25l[0m[38;5;141m> [0mТЏ┤Тќ░ Knowledge у┤бт╝Ћ№╝џ[0m[0m
[?25l[0m[0mShowing all knowledge base entries and background operations[38;5;244m (using tool: knowledge)[0m[38;5;244m - Completed in 0.0s[0m
[?25l[0m[?25l[0m[0mUpdating knowledge base context with ID: [38;5;10m451b6dc8-1f30-4684-b86e-e12aa52d84f2[0m using new directory: [38;5;10m/Users/kb/devgenie-data/organizations/default_org/projects/chatbot/generated/admin[0m[38;5;244m (using tool: knowledge)[0m[38;5;244m - Completed in 0.4s[0m
[?25l[0m[38;5;141m> [0m[38;5;244mРћѓ ## т┐ФжђЪт╝ђтЈЉт«їТѕљ[0m[0m
[0m[0m
[38;5;252m[1m### жА╣уЏ«уіХТђЂТБђТЪЦ[0m[0m
- РюЁ жА╣уЏ«ти▓тГўтюеСИћу╗ЊТъёт«їТЋ┤[0m[0m
- РюЁ СЙЮУхќти▓т«ЅУБЁ (node_modules тГўтюе)[0m[0m
- РюЁ СИ╗УдЂТќЄС╗ХжйљтЁе (package.json, vite.config.ts, src/main.tsx, src/App.tsx)[0m[0m
- РюЁ жА╣уЏ«Сй┐уће React + TypeScript + Vite + Ant Design[0m[0m
[0m[0m
[38;5;252m[1m### жфїУ»Ђу╗ЊТъю[0m[0m
РюЁ TypeScript у╝ќУ»ЉжђџУ┐Є  [0m[0m
РюЁ ESLint С╗БуаЂУДёУїЃТБђТЪЦжђџУ┐Є  [0m[0m
РюЁ Knowledge у┤бт╝Ћти▓ТЏ┤Тќ░[0m[0m
[0m[0m
[38;5;252m[1m### жА╣уЏ«С┐АТЂ»[0m[0m
- **ТіђТю»Таѕ**: React 19.2.3 + TypeScript + Vite + Ant Design[0m[0m
- **жА╣уЏ«тљЇуД░**: т░Јж╣ЈIronТЋ░тГЌтіЕТЅІт╣│тЈ░[0m[0m
- **СИ╗УдЂтіЪУЃй**: УЂітцЕТю║тЎеС║║у«АуљєтљјтЈ░№╝їтїЁтљФУЂітцЕжЮбТЮ┐тњїт┐ФТЇиТюЇтіА[0m[0m
[0m[0m
[38;5;252m[1m### т«їТѕљ[0m[0m
жА╣уЏ«ти▓ТѕљтіЪтљ»тіетЄєтцЄт░▒у╗фсђѓТЅђТюЅСЙЮУхќти▓т«ЅУБЁ№╝їС╗БуаЂу╝ќУ»ЉжђџУ┐Є№╝їтЈ»С╗ЦСй┐уће [38;5;10mpnpm run dev[0m тљ»тіет╝ђтЈЉТюЇтіАтЎесђѓжА╣уЏ«Тў»СИђСИфтЪ║С║ј Ant Design уџёУЂітцЕТю║тЎеС║║у«Ауљєт╣│тЈ░№╝їтЁиТюЅт«їТЋ┤уџётИЃт▒ђтњїу╗ёС╗Ху╗ЊТъёсђѓ[0m[0m[38;5;8m
РќИ Time: 53s
[0m[1G[0m[0m[?25h

==================================================
ТЅДУАїт«їТѕљ: 2026-01-02 17:27:15

==================================================
=== DEVGENIE_METADATA ===
{"commit_hash": "e8c5c5b5e6fc3fa38fcf743f570bc71fe4434cd2", "changed_files": [], "completed_at": "2026-01-02T17:27:16.926210"}
=== END_METADATA ===
